#
# There is insufficient memory for the Java Runtime Environment to continue.
# Native memory allocation (malloc) failed to allocate 32744 bytes. Error detail: Chunk::new
# Possible reasons:
#   The system is out of physical RAM or swap space
#   This process is running with CompressedOops enabled, and the Java Heap may be blocking the growth of the native heap
# Possible solutions:
#   Reduce memory load on the system
#   Increase physical memory or swap space
#   Check if swap backing store is full
#   Decrease Java heap size (-Xmx/-Xms)
#   Decrease number of Java threads
#   Decrease Java thread stack sizes (-Xss)
#   Set larger code cache with -XX:ReservedCodeCacheSize=
#   JVM is running with Unscaled Compressed Oops mode in which the Java heap is
#     placed in the first 4GB address space. The Java Heap base address is the
#     maximum limit for the native heap growth. Please use -XX:HeapBaseMinAddress
#     to set the Java Heap base and to place the Java Heap above 4GB virtual address.
# This output file may be truncated or incomplete.
#
#  Out of Memory Error (arena.cpp:168), pid=7028, tid=13064
#
# JRE version: OpenJDK Runtime Environment Temurin-21.0.8+9 (21.0.8+9) (build 21.0.8+9-LTS)
# Java VM: OpenJDK 64-Bit Server VM Temurin-21.0.8+9 (21.0.8+9-LTS, mixed mode, sharing, tiered, compressed oops, compressed class ptrs, parallel gc, windows-amd64)
# No core dump will be written. Minidumps are not enabled by default on client versions of Windows
#

---------------  S U M M A R Y ------------

Command Line: --add-modules=ALL-SYSTEM --add-opens=java.base/java.util=ALL-UNNAMED --add-opens=java.base/java.lang=ALL-UNNAMED --add-opens=java.base/sun.nio.fs=ALL-UNNAMED -Declipse.application=org.eclipse.jdt.ls.core.id1 -Dosgi.bundles.defaultStartLevel=4 -Declipse.product=org.eclipse.jdt.ls.core.product -Djava.import.generatesMetadataFilesAtProjectRoot=false -DDetectVMInstallationsJob.disabled=true -Dfile.encoding=utf8 -XX:+UseParallelGC -XX:GCTimeRatio=4 -XX:AdaptiveSizePolicyWeight=90 -Dsun.zip.disableMemoryMapping=true -Xmx2G -Xms100m -Xlog:disable -javaagent:c:\Users\user\.vscode\extensions\redhat.java-1.47.0-win32-x64\lombok\lombok-1.18.39-4050.jar -XX:+HeapDumpOnOutOfMemoryError -XX:HeapDumpPath=c:\Users\user\AppData\Roaming\Code\User\workspaceStorage\450a198416a22b53fea947bb5520bc25\redhat.java -Daether.dependencyCollector.impl=bf c:\Users\user\.vscode\extensions\redhat.java-1.47.0-win32-x64\server\plugins\org.eclipse.equinox.launcher_1.7.100.v20251014-1222.jar -configuration c:\Users\user\AppData\Roaming\Code\User\globalStorage\redhat.java\1.47.0\config_win -data c:\Users\user\AppData\Roaming\Code\User\workspaceStorage\450a198416a22b53fea947bb5520bc25\redhat.java\jdt_ws --pipe=\\.\pipe\lsp-f543acdff0611e8bf569146300ec78d1-sock

Host: Intel(R) Core(TM) i7-7500U CPU @ 2.70GHz, 4 cores, 7G,  Windows 10 , 64 bit Build 19041 (10.0.19041.5915)
Time: Tue Nov 18 12:56:33 2025 E. Africa Standard Time elapsed time: 52.458013 seconds (0d 0h 0m 52s)

---------------  T H R E A D  ---------------

Current thread (0x000002d564a16690):  JavaThread "C2 CompilerThread0" daemon [_thread_in_native, id=13064, stack(0x000000f8b2a00000,0x000000f8b2b00000) (1024K)]


Current CompileTask:
C2:52458 7517       4       sun.security.util.math.intpoly.IntegerPolynomial25519::mult (943 bytes)

Stack: [0x000000f8b2a00000,0x000000f8b2b00000]
Native frames: (J=compiled Java code, j=interpreted, Vv=VM code, C=native code)
V  [jvm.dll+0x6d2449]
V  [jvm.dll+0x8ae341]
V  [jvm.dll+0x8b08be]
V  [jvm.dll+0x8b0fa3]
V  [jvm.dll+0x280c96]
V  [jvm.dll+0xc581d]
V  [jvm.dll+0xc5d53]
V  [jvm.dll+0x39b54e]
V  [jvm.dll+0x3a0e5f]
V  [jvm.dll+0x6e7c77]
V  [jvm.dll+0x6e7d2e]
V  [jvm.dll+0x6ea590]
V  [jvm.dll+0x6e4833]
V  [jvm.dll+0x6e3f4e]
V  [jvm.dll+0x6e203c]
V  [jvm.dll+0x1cba2c]
V  [jvm.dll+0x24801e]
V  [jvm.dll+0x1c89ee]
V  [jvm.dll+0x257d4d]
V  [jvm.dll+0x2562ea]
V  [jvm.dll+0x3f2d16]
V  [jvm.dll+0x857e6b]
V  [jvm.dll+0x6d0b0d]
C  [ucrtbase.dll+0x21bb2]
C  [KERNEL32.DLL+0x17374]
C  [ntdll.dll+0x4cc91]


---------------  P R O C E S S  ---------------

Threads class SMR info:
_java_thread_list=0x000002d56cbb9600, length=43, elements={
0x000002d54e032ac0, 0x000002d54e0fe520, 0x000002d564a0dc90, 0x000002d564a11560,
0x000002d564a121b0, 0x000002d564a12e00, 0x000002d564a15860, 0x000002d564a16690,
0x000002d564a29990, 0x000002d564a69d70, 0x000002d5658b7100, 0x000002d565807a90,
0x000002d56a228a60, 0x000002d56a186d40, 0x000002d56a6e1bc0, 0x000002d56a77d6b0,
0x000002d56a77c990, 0x000002d56a77c300, 0x000002d56a77e3d0, 0x000002d56a77dd40,
0x000002d56a77af50, 0x000002d56a77d020, 0x000002d56a77b5e0, 0x000002d56a77bc70,
0x000002d56b9279c0, 0x000002d56b92c880, 0x000002d56b92ae40, 0x000002d56b92b4d0,
0x000002d56b9258f0, 0x000002d56b926610, 0x000002d56b92c1f0, 0x000002d56b92bb60,
0x000002d56b926ca0, 0x000002d56b92cf10, 0x000002d56b929400, 0x000002d56b92a120,
0x000002d56b927330, 0x000002d56b925f80, 0x000002d56b928050, 0x000002d56b928d70,
0x000002d56b92a7b0, 0x000002d56a0b06b0, 0x000002d56bdfe7d0
}

Java Threads: ( => current thread )
  0x000002d54e032ac0 JavaThread "main"                              [_thread_blocked, id=9780, stack(0x000000f8b2000000,0x000000f8b2100000) (1024K)]
  0x000002d54e0fe520 JavaThread "Reference Handler"          daemon [_thread_blocked, id=10348, stack(0x000000f8b2400000,0x000000f8b2500000) (1024K)]
  0x000002d564a0dc90 JavaThread "Finalizer"                  daemon [_thread_blocked, id=6504, stack(0x000000f8b2500000,0x000000f8b2600000) (1024K)]
  0x000002d564a11560 JavaThread "Signal Dispatcher"          daemon [_thread_blocked, id=7132, stack(0x000000f8b2600000,0x000000f8b2700000) (1024K)]
  0x000002d564a121b0 JavaThread "Attach Listener"            daemon [_thread_blocked, id=11808, stack(0x000000f8b2700000,0x000000f8b2800000) (1024K)]
  0x000002d564a12e00 JavaThread "Service Thread"             daemon [_thread_blocked, id=12876, stack(0x000000f8b2800000,0x000000f8b2900000) (1024K)]
  0x000002d564a15860 JavaThread "Monitor Deflation Thread"   daemon [_thread_blocked, id=11836, stack(0x000000f8b2900000,0x000000f8b2a00000) (1024K)]
=>0x000002d564a16690 JavaThread "C2 CompilerThread0"         daemon [_thread_in_native, id=13064, stack(0x000000f8b2a00000,0x000000f8b2b00000) (1024K)]
  0x000002d564a29990 JavaThread "C1 CompilerThread0"         daemon [_thread_in_native, id=8796, stack(0x000000f8b2b00000,0x000000f8b2c00000) (1024K)]
  0x000002d564a69d70 JavaThread "Common-Cleaner"             daemon [_thread_blocked, id=12192, stack(0x000000f8b2c00000,0x000000f8b2d00000) (1024K)]
  0x000002d5658b7100 JavaThread "Notification Thread"        daemon [_thread_blocked, id=6208, stack(0x000000f8b2d00000,0x000000f8b2e00000) (1024K)]
  0x000002d565807a90 JavaThread "Active Thread: Equinox Container: 0941de0e-1179-4337-a88e-772c23f0dca3"        [_thread_blocked, id=11880, stack(0x000000f8b3500000,0x000000f8b3600000) (1024K)]
  0x000002d56a228a60 JavaThread "Framework Event Dispatcher: Equinox Container: 0941de0e-1179-4337-a88e-772c23f0dca3" daemon [_thread_blocked, id=4332, stack(0x000000f8b3600000,0x000000f8b3700000) (1024K)]
  0x000002d56a186d40 JavaThread "Start Level: Equinox Container: 0941de0e-1179-4337-a88e-772c23f0dca3" daemon [_thread_blocked, id=8012, stack(0x000000f8b3700000,0x000000f8b3800000) (1024K)]
  0x000002d56a6e1bc0 JavaThread "Refresh Thread: Equinox Container: 0941de0e-1179-4337-a88e-772c23f0dca3" daemon [_thread_blocked, id=11932, stack(0x000000f8b3800000,0x000000f8b3900000) (1024K)]
  0x000002d56a77d6b0 JavaThread "Bundle File Closer"         daemon [_thread_blocked, id=12036, stack(0x000000f8b3a00000,0x000000f8b3b00000) (1024K)]
  0x000002d56a77c990 JavaThread "SCR Component Actor"        daemon [_thread_blocked, id=1744, stack(0x000000f8b3900000,0x000000f8b3a00000) (1024K)]
  0x000002d56a77c300 JavaThread "Worker-JM"                         [_thread_blocked, id=3644, stack(0x000000f8b3c00000,0x000000f8b3d00000) (1024K)]
  0x000002d56a77e3d0 JavaThread "Worker-0"                          [_thread_blocked, id=12316, stack(0x000000f8b3d00000,0x000000f8b3e00000) (1024K)]
  0x000002d56a77dd40 JavaThread "Worker-1"                          [_thread_blocked, id=2576, stack(0x000000f8b3e00000,0x000000f8b3f00000) (1024K)]
  0x000002d56a77af50 JavaThread "Worker-2"                          [_thread_blocked, id=1472, stack(0x000000f8b3b00000,0x000000f8b3c00000) (1024K)]
  0x000002d56a77d020 JavaThread "Worker-3: Initialize Workspace"        [_thread_blocked, id=10864, stack(0x000000f8b3f00000,0x000000f8b4000000) (1024K)]
  0x000002d56a77b5e0 JavaThread "Java indexing"              daemon [_thread_blocked, id=3312, stack(0x000000f8b3100000,0x000000f8b3200000) (1024K)]
  0x000002d56a77bc70 JavaThread "JNA Cleaner"                daemon [_thread_blocked, id=11896, stack(0x000000f8b3200000,0x000000f8b3300000) (1024K)]
  0x000002d56b9279c0 JavaThread "Thread-1"                   daemon [_thread_in_native, id=13168, stack(0x000000f8b4000000,0x000000f8b4100000) (1024K)]
  0x000002d56b92c880 JavaThread "Thread-2"                   daemon [_thread_in_native, id=8844, stack(0x000000f8b4100000,0x000000f8b4200000) (1024K)]
  0x000002d56b92ae40 JavaThread "Thread-3"                   daemon [_thread_in_native, id=6596, stack(0x000000f8b4200000,0x000000f8b4300000) (1024K)]
  0x000002d56b92b4d0 JavaThread "Thread-4"                   daemon [_thread_in_native, id=11380, stack(0x000000f8b4300000,0x000000f8b4400000) (1024K)]
  0x000002d56b9258f0 JavaThread "Thread-5"                   daemon [_thread_in_native, id=4944, stack(0x000000f8b4400000,0x000000f8b4500000) (1024K)]
  0x000002d56b926610 JavaThread "pool-2-thread-1"                   [_thread_blocked, id=5656, stack(0x000000f8b4500000,0x000000f8b4600000) (1024K)]
  0x000002d56b92c1f0 JavaThread "WorkspaceEventsHandler"            [_thread_blocked, id=3820, stack(0x000000f8b4600000,0x000000f8b4700000) (1024K)]
  0x000002d56b92bb60 JavaThread "pool-1-thread-1"                   [_thread_blocked, id=12020, stack(0x000000f8b4700000,0x000000f8b4800000) (1024K)]
  0x000002d56b926ca0 JavaThread "Worker-4"                          [_thread_blocked, id=1628, stack(0x000000f8b4800000,0x000000f8b4900000) (1024K)]
  0x000002d56b92cf10 JavaThread "Equinox resolver thread - Equinox Container: 0941de0e-1179-4337-a88e-772c23f0dca3" daemon [_thread_blocked, id=3732, stack(0x000000f8b4a00000,0x000000f8b4b00000) (1024K)]
  0x000002d56b929400 JavaThread "Equinox resolver thread - Equinox Container: 0941de0e-1179-4337-a88e-772c23f0dca3" daemon [_thread_blocked, id=8556, stack(0x000000f8b4b00000,0x000000f8b4c00000) (1024K)]
  0x000002d56b92a120 JavaThread "Equinox resolver thread - Equinox Container: 0941de0e-1179-4337-a88e-772c23f0dca3" daemon [_thread_blocked, id=6924, stack(0x000000f8b4c00000,0x000000f8b4d00000) (1024K)]
  0x000002d56b927330 JavaThread "Equinox resolver thread - Equinox Container: 0941de0e-1179-4337-a88e-772c23f0dca3" daemon [_thread_blocked, id=12244, stack(0x000000f8b4d00000,0x000000f8b4e00000) (1024K)]
  0x000002d56b925f80 JavaThread "Keep-Alive-Timer"           daemon [_thread_blocked, id=6728, stack(0x000000f8b4e00000,0x000000f8b4f00000) (1024K)]
  0x000002d56b928050 JavaThread "Timer-0"                           [_thread_blocked, id=11708, stack(0x000000f8b4f00000,0x000000f8b5000000) (1024K)]
  0x000002d56b928d70 JavaThread "Connection worker"                 [_thread_blocked, id=9892, stack(0x000000f8b5000000,0x000000f8b5100000) (1024K)]
  0x000002d56b92a7b0 JavaThread "Distribution download"      daemon [_thread_blocked, id=13144, stack(0x000000f8b5100000,0x000000f8b5200000) (1024K)]
  0x000002d56a0b06b0 JavaThread "C2 CompilerThread1"         daemon [_thread_in_native, id=5364, stack(0x000000f8b5200000,0x000000f8b5300000) (1024K)]
  0x000002d56bdfe7d0 JavaThread "HandshakeCompletedNotify-Thread" daemon [_thread_in_vm, id=10536, stack(0x000000f8b5300000,0x000000f8b5400000) (1024K)]
Total: 43

Other Threads:
  0x000002d54e0f0830 VMThread "VM Thread"                           [id=4504, stack(0x000000f8b2300000,0x000000f8b2400000) (1024K)] _threads_hazard_ptr=0x000002d56cbb9600
  0x000002d54e09c250 WatcherThread "VM Periodic Task Thread"        [id=5772, stack(0x000000f8b2200000,0x000000f8b2300000) (1024K)]
  0x000002d54e051e80 WorkerThread "GC Thread#0"                     [id=8036, stack(0x000000f8b2100000,0x000000f8b2200000) (1024K)]
  0x000002d56a3001c0 WorkerThread "GC Thread#1"                     [id=11444, stack(0x000000f8b2e00000,0x000000f8b2f00000) (1024K)]
  0x000002d56a300560 WorkerThread "GC Thread#2"                     [id=13132, stack(0x000000f8b2f00000,0x000000f8b3000000) (1024K)]
  0x000002d56a4ed0d0 WorkerThread "GC Thread#3"                     [id=2736, stack(0x000000f8b3000000,0x000000f8b3100000) (1024K)]
Total: 6

Threads with active compile tasks:
C2 CompilerThread0  58583 7517       4       sun.security.util.math.intpoly.IntegerPolynomial25519::mult (943 bytes)
C1 CompilerThread0  58583 7536       3       java.math.BigInteger::shiftLeft (155 bytes)
C2 CompilerThread1  58583 7519       4       sun.security.ec.ECOperations$PointMultiplier::lookup (84 bytes)
Total: 3

VM state: synchronizing (normal execution)

VM Mutex/Monitor currently owned by a thread:  ([mutex/lock_event])
[0x00007ffb95245458] Threads_lock - owner thread: 0x000002d54e0f0830

Heap address: 0x0000000080000000, size: 2048 MB, Compressed Oops mode: 32-bit

CDS archive(s) mapped at: [0x000002d500000000-0x000002d500ba0000-0x000002d500ba0000), size 12189696, SharedBaseAddress: 0x000002d500000000, ArchiveRelocationMode: 1.
Compressed class space mapped at: 0x000002d501000000-0x000002d541000000, reserved size: 1073741824
Narrow klass base: 0x000002d500000000, Narrow klass shift: 0, Narrow klass range: 0x100000000

GC Precious Log:
 CardTable entry size: 512
 CPUs: 4 total, 4 available
 Memory: 8109M
 Large Page Support: Disabled
 NUMA Support: Disabled
 Compressed Oops: Enabled (32-bit)
 Alignments: Space 512K, Generation 512K, Heap 2M
 Heap Min Capacity: 100M
 Heap Initial Capacity: 100M
 Heap Max Capacity: 2G
 Pre-touch: Disabled
 Parallel Workers: 4

Heap:
 PSYoungGen      total 20992K, used 7246K [0x00000000d5580000, 0x00000000d6c00000, 0x0000000100000000)
  eden space 20480K, 33% used [0x00000000d5580000,0x00000000d5c4b9b0,0x00000000d6980000)
  from space 512K, 56% used [0x00000000d6b80000,0x00000000d6bc8000,0x00000000d6c00000)
  to   space 1024K, 0% used [0x00000000d6a00000,0x00000000d6a00000,0x00000000d6b00000)
 ParOldGen       total 68608K, used 31569K [0x0000000080000000, 0x0000000084300000, 0x00000000d5580000)
  object space 68608K, 46% used [0x0000000080000000,0x0000000081ed4628,0x0000000084300000)
 Metaspace       used 52688K, committed 53824K, reserved 1114112K
  class space    used 5856K, committed 6336K, reserved 1048576K

Card table byte_map: [0x000002d54da10000,0x000002d54de20000] _byte_map_base: 0x000002d54d610000

Marking Bits: (ParMarkBitMap*) 0x00007ffb9524a340
 Begin Bits: [0x000002d5604e0000, 0x000002d5624e0000)
 End Bits:   [0x000002d5624e0000, 0x000002d5644e0000)

Polling page: 0x000002d54d800000

Metaspace:

Usage:
  Non-class:     45.73 MB used.
      Class:      5.72 MB used.
       Both:     51.45 MB used.

Virtual space:
  Non-class space:       64.00 MB reserved,      46.38 MB ( 72%) committed,  1 nodes.
      Class space:        1.00 GB reserved,       6.19 MB ( <1%) committed,  1 nodes.
             Both:        1.06 GB reserved,      52.56 MB (  5%) committed. 

Chunk freelists:
   Non-Class:  1.47 MB
       Class:  9.80 MB
        Both:  11.27 MB

MaxMetaspaceSize: unlimited
CompressedClassSpaceSize: 1.00 GB
Initial GC threshold: 21.00 MB
Current GC threshold: 58.38 MB
CDS: on
 - commit_granule_bytes: 65536.
 - commit_granule_words: 8192.
 - virtual_space_node_default_size: 8388608.
 - enlarge_chunks_in_place: 1.
 - use_allocation_guard: 0.


Internal statistics:

num_allocs_failed_limit: 6.
num_arena_births: 840.
num_arena_deaths: 40.
num_vsnodes_births: 2.
num_vsnodes_deaths: 0.
num_space_committed: 841.
num_space_uncommitted: 0.
num_chunks_returned_to_freelist: 56.
num_chunks_taken_from_freelist: 2884.
num_chunk_merges: 11.
num_chunk_splits: 1844.
num_chunks_enlarged: 1172.
num_inconsistent_stats: 0.

CodeHeap 'non-profiled nmethods': size=120000Kb used=4158Kb max_used=4158Kb free=115841Kb
 bounds [0x000002d558d00000, 0x000002d559110000, 0x000002d560230000]
CodeHeap 'profiled nmethods': size=120000Kb used=14661Kb max_used=14661Kb free=105338Kb
 bounds [0x000002d551230000, 0x000002d552090000, 0x000002d558760000]
CodeHeap 'non-nmethods': size=5760Kb used=1406Kb max_used=1447Kb free=4353Kb
 bounds [0x000002d558760000, 0x000002d5589d0000, 0x000002d558d00000]
CodeCache: size=245760Kb, used=20225Kb, max_used=20266Kb, free=225532Kb
 total_blobs=7599, nmethods=6889, adapters=616, full_count=0
Compilation: enabled, stopped_count=0, restarted_count=0

Compilation events (20 events):
Event: 51.575 Thread 0x000002d564a16690 nmethod 7507 0x000002d55910cf10 code [0x000002d55910d0c0, 0x000002d55910d3f8]
Event: 51.575 Thread 0x000002d564a16690 7508       4       java.lang.ClassLoader::checkName (37 bytes)
Event: 51.578 Thread 0x000002d564a16690 nmethod 7508 0x000002d55910d690 code [0x000002d55910d860, 0x000002d55910db80]
Event: 51.591 Thread 0x000002d564a29990 7509       3       java.io.File::getParent (65 bytes)
Event: 51.591 Thread 0x000002d564a29990 nmethod 7509 0x000002d55207a310 code [0x000002d55207a560, 0x000002d55207ac28]
Event: 51.867 Thread 0x000002d564a29990 7510       3       sun.net.www.MessageHeader::<init> (14 bytes)
Event: 51.867 Thread 0x000002d564a29990 nmethod 7510 0x000002d55207af10 code [0x000002d55207b0c0, 0x000002d55207b258]
Event: 51.868 Thread 0x000002d564a29990 7512       3       java.util.Formatter$FormatSpecifier::print (234 bytes)
Event: 51.870 Thread 0x000002d564a29990 nmethod 7512 0x000002d55207b310 code [0x000002d55207b5a0, 0x000002d55207bd40]
Event: 51.870 Thread 0x000002d564a29990 7513       3       sun.net.www.ParseUtil::match (50 bytes)
Event: 51.871 Thread 0x000002d564a29990 nmethod 7513 0x000002d55207bf10 code [0x000002d55207c0c0, 0x000002d55207c330]
Event: 51.871 Thread 0x000002d564a29990 7511       3       sun.net.www.MessageHeader::<init> (6 bytes)
Event: 51.871 Thread 0x000002d564a29990 nmethod 7511 0x000002d55207c410 code [0x000002d55207c5c0, 0x000002d55207c7b8]
Event: 52.384 Thread 0x000002d564a16690 7515       4       java.util.stream.AbstractPipeline::wrapAndCopyInto (18 bytes)
Event: 52.389 Thread 0x000002d564a16690 nmethod 7515 0x000002d55910e210 code [0x000002d55910e3e0, 0x000002d55910e6e0]
Event: 52.430 Thread 0x000002d564a29990 7516       1       java.security.AlgorithmParameters::getAlgorithm (5 bytes)
Event: 52.430 Thread 0x000002d564a29990 nmethod 7516 0x000002d55910ea10 code [0x000002d55910eba0, 0x000002d55910ec68]
Event: 52.430 Thread 0x000002d564a16690 7517       4       sun.security.util.math.intpoly.IntegerPolynomial25519::mult (943 bytes)
Event: 52.432 Thread 0x000002d564a29990 7520       3       java.util.LinkedList::indexOf (73 bytes)
Event: 52.432 Thread 0x000002d564a29990 nmethod 7520 0x000002d55207c890 code [0x000002d55207ca80, 0x000002d55207cee8]

GC Heap History (20 events):
Event: 39.366 GC heap before
{Heap before GC invocations=19 (full 2):
 PSYoungGen      total 23040K, used 22567K [0x00000000d5580000, 0x00000000d6f80000, 0x0000000100000000)
  eden space 22016K, 100% used [0x00000000d5580000,0x00000000d6b00000,0x00000000d6b00000)
  from space 1024K, 53% used [0x00000000d6e80000,0x00000000d6f09e70,0x00000000d6f80000)
  to   space 1024K, 0% used [0x00000000d6d80000,0x00000000d6d80000,0x00000000d6e80000)
 ParOldGen       total 68608K, used 17357K [0x0000000080000000, 0x0000000084300000, 0x00000000d5580000)
  object space 68608K, 25% used [0x0000000080000000,0x00000000810f34b0,0x0000000084300000)
 Metaspace       used 39591K, committed 40640K, reserved 1114112K
  class space    used 4231K, committed 4672K, reserved 1048576K
}
Event: 39.369 GC heap after
{Heap after GC invocations=19 (full 2):
 PSYoungGen      total 23040K, used 995K [0x00000000d5580000, 0x00000000d7100000, 0x0000000100000000)
  eden space 22016K, 0% used [0x00000000d5580000,0x00000000d5580000,0x00000000d6b00000)
  from space 1024K, 97% used [0x00000000d6d80000,0x00000000d6e78d48,0x00000000d6e80000)
  to   space 2560K, 0% used [0x00000000d6e80000,0x00000000d6e80000,0x00000000d7100000)
 ParOldGen       total 68608K, used 18921K [0x0000000080000000, 0x0000000084300000, 0x00000000d5580000)
  object space 68608K, 27% used [0x0000000080000000,0x000000008127a7b0,0x0000000084300000)
 Metaspace       used 39591K, committed 40640K, reserved 1114112K
  class space    used 4231K, committed 4672K, reserved 1048576K
}
Event: 40.159 GC heap before
{Heap before GC invocations=20 (full 2):
 PSYoungGen      total 23040K, used 23011K [0x00000000d5580000, 0x00000000d7100000, 0x0000000100000000)
  eden space 22016K, 100% used [0x00000000d5580000,0x00000000d6b00000,0x00000000d6b00000)
  from space 1024K, 97% used [0x00000000d6d80000,0x00000000d6e78d48,0x00000000d6e80000)
  to   space 2560K, 0% used [0x00000000d6e80000,0x00000000d6e80000,0x00000000d7100000)
 ParOldGen       total 68608K, used 18943K [0x0000000080000000, 0x0000000084300000, 0x00000000d5580000)
  object space 68608K, 27% used [0x0000000080000000,0x000000008127fe38,0x0000000084300000)
 Metaspace       used 42812K, committed 43840K, reserved 1114112K
  class space    used 4618K, committed 4992K, reserved 1048576K
}
Event: 40.161 GC heap after
{Heap after GC invocations=20 (full 2):
 PSYoungGen      total 23552K, used 1344K [0x00000000d5580000, 0x00000000d7000000, 0x0000000100000000)
  eden space 22016K, 0% used [0x00000000d5580000,0x00000000d5580000,0x00000000d6b00000)
  from space 1536K, 87% used [0x00000000d6e80000,0x00000000d6fd01d0,0x00000000d7000000)
  to   space 2048K, 0% used [0x00000000d6c00000,0x00000000d6c00000,0x00000000d6e00000)
 ParOldGen       total 68608K, used 19936K [0x0000000080000000, 0x0000000084300000, 0x00000000d5580000)
  object space 68608K, 29% used [0x0000000080000000,0x0000000081378270,0x0000000084300000)
 Metaspace       used 42812K, committed 43840K, reserved 1114112K
  class space    used 4618K, committed 4992K, reserved 1048576K
}
Event: 40.916 GC heap before
{Heap before GC invocations=21 (full 2):
 PSYoungGen      total 23552K, used 23360K [0x00000000d5580000, 0x00000000d7000000, 0x0000000100000000)
  eden space 22016K, 100% used [0x00000000d5580000,0x00000000d6b00000,0x00000000d6b00000)
  from space 1536K, 87% used [0x00000000d6e80000,0x00000000d6fd01d0,0x00000000d7000000)
  to   space 2048K, 0% used [0x00000000d6c00000,0x00000000d6c00000,0x00000000d6e00000)
 ParOldGen       total 68608K, used 19936K [0x0000000080000000, 0x0000000084300000, 0x00000000d5580000)
  object space 68608K, 29% used [0x0000000080000000,0x0000000081378270,0x0000000084300000)
 Metaspace       used 45160K, committed 46272K, reserved 1114112K
  class space    used 4895K, committed 5376K, reserved 1048576K
}
Event: 40.919 GC heap after
{Heap after GC invocations=21 (full 2):
 PSYoungGen      total 24064K, used 1984K [0x00000000d5580000, 0x00000000d7000000, 0x0000000100000000)
  eden space 22016K, 0% used [0x00000000d5580000,0x00000000d5580000,0x00000000d6b00000)
  from space 2048K, 96% used [0x00000000d6c00000,0x00000000d6df0000,0x00000000d6e00000)
  to   space 2048K, 0% used [0x00000000d6e00000,0x00000000d6e00000,0x00000000d7000000)
 ParOldGen       total 68608K, used 21162K [0x0000000080000000, 0x0000000084300000, 0x00000000d5580000)
  object space 68608K, 30% used [0x0000000080000000,0x00000000814aabd8,0x0000000084300000)
 Metaspace       used 45160K, committed 46272K, reserved 1114112K
  class space    used 4895K, committed 5376K, reserved 1048576K
}
Event: 44.042 GC heap before
{Heap before GC invocations=22 (full 2):
 PSYoungGen      total 24064K, used 24000K [0x00000000d5580000, 0x00000000d7000000, 0x0000000100000000)
  eden space 22016K, 100% used [0x00000000d5580000,0x00000000d6b00000,0x00000000d6b00000)
  from space 2048K, 96% used [0x00000000d6c00000,0x00000000d6df0000,0x00000000d6e00000)
  to   space 2048K, 0% used [0x00000000d6e00000,0x00000000d6e00000,0x00000000d7000000)
 ParOldGen       total 68608K, used 21162K [0x0000000080000000, 0x0000000084300000, 0x00000000d5580000)
  object space 68608K, 30% used [0x0000000080000000,0x00000000814aabd8,0x0000000084300000)
 Metaspace       used 47512K, committed 48512K, reserved 1114112K
  class space    used 5155K, committed 5568K, reserved 1048576K
}
Event: 44.047 GC heap after
{Heap after GC invocations=22 (full 2):
 PSYoungGen      total 24064K, used 1697K [0x00000000d5580000, 0x00000000d7000000, 0x0000000100000000)
  eden space 22016K, 0% used [0x00000000d5580000,0x00000000d5580000,0x00000000d6b00000)
  from space 2048K, 82% used [0x00000000d6e00000,0x00000000d6fa8640,0x00000000d7000000)
  to   space 2048K, 0% used [0x00000000d6c00000,0x00000000d6c00000,0x00000000d6e00000)
 ParOldGen       total 68608K, used 23040K [0x0000000080000000, 0x0000000084300000, 0x00000000d5580000)
  object space 68608K, 33% used [0x0000000080000000,0x0000000081680248,0x0000000084300000)
 Metaspace       used 47512K, committed 48512K, reserved 1114112K
  class space    used 5155K, committed 5568K, reserved 1048576K
}
Event: 44.280 GC heap before
{Heap before GC invocations=23 (full 2):
 PSYoungGen      total 24064K, used 23713K [0x00000000d5580000, 0x00000000d7000000, 0x0000000100000000)
  eden space 22016K, 100% used [0x00000000d5580000,0x00000000d6b00000,0x00000000d6b00000)
  from space 2048K, 82% used [0x00000000d6e00000,0x00000000d6fa8640,0x00000000d7000000)
  to   space 2048K, 0% used [0x00000000d6c00000,0x00000000d6c00000,0x00000000d6e00000)
 ParOldGen       total 68608K, used 23040K [0x0000000080000000, 0x0000000084300000, 0x00000000d5580000)
  object space 68608K, 33% used [0x0000000080000000,0x0000000081680248,0x0000000084300000)
 Metaspace       used 47612K, committed 48640K, reserved 1114112K
  class space    used 5160K, committed 5568K, reserved 1048576K
}
Event: 44.284 GC heap after
{Heap after GC invocations=23 (full 2):
 PSYoungGen      total 22528K, used 288K [0x00000000d5580000, 0x00000000d6e80000, 0x0000000100000000)
  eden space 22016K, 0% used [0x00000000d5580000,0x00000000d5580000,0x00000000d6b00000)
  from space 512K, 56% used [0x00000000d6c00000,0x00000000d6c48000,0x00000000d6c80000)
  to   space 1024K, 0% used [0x00000000d6d80000,0x00000000d6d80000,0x00000000d6e80000)
 ParOldGen       total 68608K, used 24357K [0x0000000080000000, 0x0000000084300000, 0x00000000d5580000)
  object space 68608K, 35% used [0x0000000080000000,0x00000000817c97e8,0x0000000084300000)
 Metaspace       used 47612K, committed 48640K, reserved 1114112K
  class space    used 5160K, committed 5568K, reserved 1048576K
}
Event: 44.340 GC heap before
{Heap before GC invocations=24 (full 2):
 PSYoungGen      total 22528K, used 22304K [0x00000000d5580000, 0x00000000d6e80000, 0x0000000100000000)
  eden space 22016K, 100% used [0x00000000d5580000,0x00000000d6b00000,0x00000000d6b00000)
  from space 512K, 56% used [0x00000000d6c00000,0x00000000d6c48000,0x00000000d6c80000)
  to   space 1024K, 0% used [0x00000000d6d80000,0x00000000d6d80000,0x00000000d6e80000)
 ParOldGen       total 68608K, used 24357K [0x0000000080000000, 0x0000000084300000, 0x00000000d5580000)
  object space 68608K, 35% used [0x0000000080000000,0x00000000817c97e8,0x0000000084300000)
 Metaspace       used 47636K, committed 48640K, reserved 1114112K
  class space    used 5161K, committed 5568K, reserved 1048576K
}
Event: 44.343 GC heap after
{Heap after GC invocations=24 (full 2):
 PSYoungGen      total 21504K, used 1024K [0x00000000d5580000, 0x00000000d7300000, 0x0000000100000000)
  eden space 20480K, 0% used [0x00000000d5580000,0x00000000d5580000,0x00000000d6980000)
  from space 1024K, 100% used [0x00000000d6d80000,0x00000000d6e80000,0x00000000d6e80000)
  to   space 4096K, 0% used [0x00000000d6980000,0x00000000d6980000,0x00000000d6d80000)
 ParOldGen       total 68608K, used 26826K [0x0000000080000000, 0x0000000084300000, 0x00000000d5580000)
  object space 68608K, 39% used [0x0000000080000000,0x0000000081a32b48,0x0000000084300000)
 Metaspace       used 47636K, committed 48640K, reserved 1114112K
  class space    used 5161K, committed 5568K, reserved 1048576K
}
Event: 45.159 GC heap before
{Heap before GC invocations=25 (full 2):
 PSYoungGen      total 21504K, used 21504K [0x00000000d5580000, 0x00000000d7300000, 0x0000000100000000)
  eden space 20480K, 100% used [0x00000000d5580000,0x00000000d6980000,0x00000000d6980000)
  from space 1024K, 100% used [0x00000000d6d80000,0x00000000d6e80000,0x00000000d6e80000)
  to   space 4096K, 0% used [0x00000000d6980000,0x00000000d6980000,0x00000000d6d80000)
 ParOldGen       total 68608K, used 26826K [0x0000000080000000, 0x0000000084300000, 0x00000000d5580000)
  object space 68608K, 39% used [0x0000000080000000,0x0000000081a32b48,0x0000000084300000)
 Metaspace       used 48552K, committed 49664K, reserved 1114112K
  class space    used 5255K, committed 5696K, reserved 1048576K
}
Event: 45.161 GC heap after
{Heap after GC invocations=25 (full 2):
 PSYoungGen      total 23552K, used 2720K [0x00000000d5580000, 0x00000000d6f80000, 0x0000000100000000)
  eden space 20480K, 0% used [0x00000000d5580000,0x00000000d5580000,0x00000000d6980000)
  from space 3072K, 88% used [0x00000000d6980000,0x00000000d6c28000,0x00000000d6c80000)
  to   space 3072K, 0% used [0x00000000d6c80000,0x00000000d6c80000,0x00000000d6f80000)
 ParOldGen       total 68608K, used 27106K [0x0000000080000000, 0x0000000084300000, 0x00000000d5580000)
  object space 68608K, 39% used [0x0000000080000000,0x0000000081a78ba8,0x0000000084300000)
 Metaspace       used 48552K, committed 49664K, reserved 1114112K
  class space    used 5255K, committed 5696K, reserved 1048576K
}
Event: 47.446 GC heap before
{Heap before GC invocations=26 (full 2):
 PSYoungGen      total 23552K, used 23197K [0x00000000d5580000, 0x00000000d6f80000, 0x0000000100000000)
  eden space 20480K, 99% used [0x00000000d5580000,0x00000000d697f6f0,0x00000000d6980000)
  from space 3072K, 88% used [0x00000000d6980000,0x00000000d6c28000,0x00000000d6c80000)
  to   space 3072K, 0% used [0x00000000d6c80000,0x00000000d6c80000,0x00000000d6f80000)
 ParOldGen       total 68608K, used 27106K [0x0000000080000000, 0x0000000084300000, 0x00000000d5580000)
  object space 68608K, 39% used [0x0000000080000000,0x0000000081a78ba8,0x0000000084300000)
 Metaspace       used 50698K, committed 51840K, reserved 1114112K
  class space    used 5538K, committed 6016K, reserved 1048576K
}
Event: 47.457 GC heap after
{Heap after GC invocations=26 (full 2):
 PSYoungGen      total 21504K, used 991K [0x00000000d5580000, 0x00000000d6d80000, 0x0000000100000000)
  eden space 20480K, 0% used [0x00000000d5580000,0x00000000d5580000,0x00000000d6980000)
  from space 1024K, 96% used [0x00000000d6c80000,0x00000000d6d77eb0,0x00000000d6d80000)
  to   space 2048K, 0% used [0x00000000d6980000,0x00000000d6980000,0x00000000d6b80000)
 ParOldGen       total 68608K, used 29806K [0x0000000080000000, 0x0000000084300000, 0x00000000d5580000)
  object space 68608K, 43% used [0x0000000080000000,0x0000000081d1ba68,0x0000000084300000)
 Metaspace       used 50698K, committed 51840K, reserved 1114112K
  class space    used 5538K, committed 6016K, reserved 1048576K
}
Event: 48.051 GC heap before
{Heap before GC invocations=27 (full 2):
 PSYoungGen      total 21504K, used 21471K [0x00000000d5580000, 0x00000000d6d80000, 0x0000000100000000)
  eden space 20480K, 100% used [0x00000000d5580000,0x00000000d6980000,0x00000000d6980000)
  from space 1024K, 96% used [0x00000000d6c80000,0x00000000d6d77eb0,0x00000000d6d80000)
  to   space 2048K, 0% used [0x00000000d6980000,0x00000000d6980000,0x00000000d6b80000)
 ParOldGen       total 68608K, used 29806K [0x0000000080000000, 0x0000000084300000, 0x00000000d5580000)
  object space 68608K, 43% used [0x0000000080000000,0x0000000081d1ba68,0x0000000084300000)
 Metaspace       used 50823K, committed 51904K, reserved 1114112K
  class space    used 5553K, committed 6016K, reserved 1048576K
}
Event: 48.053 GC heap after
{Heap after GC invocations=27 (full 2):
 PSYoungGen      total 22528K, used 1216K [0x00000000d5580000, 0x00000000d6d00000, 0x0000000100000000)
  eden space 20480K, 0% used [0x00000000d5580000,0x00000000d5580000,0x00000000d6980000)
  from space 2048K, 59% used [0x00000000d6980000,0x00000000d6ab0000,0x00000000d6b80000)
  to   space 1536K, 0% used [0x00000000d6b80000,0x00000000d6b80000,0x00000000d6d00000)
 ParOldGen       total 68608K, used 30417K [0x0000000080000000, 0x0000000084300000, 0x00000000d5580000)
  object space 68608K, 44% used [0x0000000080000000,0x0000000081db4628,0x0000000084300000)
 Metaspace       used 50823K, committed 51904K, reserved 1114112K
  class space    used 5553K, committed 6016K, reserved 1048576K
}
Event: 50.575 GC heap before
{Heap before GC invocations=28 (full 2):
 PSYoungGen      total 22528K, used 21696K [0x00000000d5580000, 0x00000000d6d00000, 0x0000000100000000)
  eden space 20480K, 100% used [0x00000000d5580000,0x00000000d6980000,0x00000000d6980000)
  from space 2048K, 59% used [0x00000000d6980000,0x00000000d6ab0000,0x00000000d6b80000)
  to   space 1536K, 0% used [0x00000000d6b80000,0x00000000d6b80000,0x00000000d6d00000)
 ParOldGen       total 68608K, used 30417K [0x0000000080000000, 0x0000000084300000, 0x00000000d5580000)
  object space 68608K, 44% used [0x0000000080000000,0x0000000081db4628,0x0000000084300000)
 Metaspace       used 51875K, committed 52992K, reserved 1114112K
  class space    used 5729K, committed 6208K, reserved 1048576K
}
Event: 50.576 GC heap after
{Heap after GC invocations=28 (full 2):
 PSYoungGen      total 20992K, used 288K [0x00000000d5580000, 0x00000000d6c00000, 0x0000000100000000)
  eden space 20480K, 0% used [0x00000000d5580000,0x00000000d5580000,0x00000000d6980000)
  from space 512K, 56% used [0x00000000d6b80000,0x00000000d6bc8000,0x00000000d6c00000)
  to   space 1024K, 0% used [0x00000000d6a00000,0x00000000d6a00000,0x00000000d6b00000)
 ParOldGen       total 68608K, used 31569K [0x0000000080000000, 0x0000000084300000, 0x00000000d5580000)
  object space 68608K, 46% used [0x0000000080000000,0x0000000081ed4628,0x0000000084300000)
 Metaspace       used 51875K, committed 52992K, reserved 1114112K
  class space    used 5729K, committed 6208K, reserved 1048576K
}

Dll operation events (14 events):
Event: 0.736 Loaded shared library c:\Users\user\.vscode\extensions\redhat.java-1.47.0-win32-x64\jre\21.0.8-win32-x86_64\bin\java.dll
Event: 3.620 Loaded shared library c:\Users\user\.vscode\extensions\redhat.java-1.47.0-win32-x64\jre\21.0.8-win32-x86_64\bin\zip.dll
Event: 3.885 Loaded shared library C:\Users\user\.vscode\extensions\redhat.java-1.47.0-win32-x64\jre\21.0.8-win32-x86_64\bin\instrument.dll
Event: 3.901 Loaded shared library C:\Users\user\.vscode\extensions\redhat.java-1.47.0-win32-x64\jre\21.0.8-win32-x86_64\bin\net.dll
Event: 3.904 Loaded shared library C:\Users\user\.vscode\extensions\redhat.java-1.47.0-win32-x64\jre\21.0.8-win32-x86_64\bin\nio.dll
Event: 3.910 Loaded shared library C:\Users\user\.vscode\extensions\redhat.java-1.47.0-win32-x64\jre\21.0.8-win32-x86_64\bin\zip.dll
Event: 4.420 Loaded shared library C:\Users\user\.vscode\extensions\redhat.java-1.47.0-win32-x64\jre\21.0.8-win32-x86_64\bin\jimage.dll
Event: 5.240 Loaded shared library c:\Users\user\.vscode\extensions\redhat.java-1.47.0-win32-x64\jre\21.0.8-win32-x86_64\bin\verify.dll
Event: 18.815 Loaded shared library C:\Users\user\AppData\Roaming\Code\User\globalStorage\redhat.java\1.47.0\config_win\org.eclipse.equinox.launcher\org.eclipse.equinox.launcher.win32.win32.x86_64_1.2.1400.v20250801-0854\eclipse_11916.dll
Event: 23.079 Loaded shared library C:\Users\user\.vscode\extensions\redhat.java-1.47.0-win32-x64\jre\21.0.8-win32-x86_64\bin\management.dll
Event: 23.081 Loaded shared library C:\Users\user\.vscode\extensions\redhat.java-1.47.0-win32-x64\jre\21.0.8-win32-x86_64\bin\management_ext.dll
Event: 38.466 Loaded shared library C:\Users\user\AppData\Local\Temp\jna-3599307\jna1497305140605984477.dll
Event: 39.617 Loaded shared library C:\Users\user\.vscode\extensions\redhat.java-1.47.0-win32-x64\jre\21.0.8-win32-x86_64\bin\sunmscapi.dll
Event: 41.987 Loaded shared library C:\Users\user\.vscode\extensions\redhat.java-1.47.0-win32-x64\jre\21.0.8-win32-x86_64\bin\extnet.dll

Deoptimization events (20 events):
Event: 47.825 Thread 0x000002d56a77d020 Uncommon trap: trap_request=0xffffff45 fr.pc=0x000002d5590da670 relative=0x0000000000000470
Event: 47.825 Thread 0x000002d56a77d020 Uncommon trap: reason=unstable_if action=reinterpret pc=0x000002d5590da670 method=java.util.regex.Pattern$SliceU.match(Ljava/util/regex/Matcher;ILjava/lang/CharSequence;)Z @ 74 c2
Event: 47.825 Thread 0x000002d56a77d020 DEOPT PACKING pc=0x000002d5590da670 sp=0x000000f8b3ffec10
Event: 47.825 Thread 0x000002d56a77d020 DEOPT UNPACKING pc=0x000002d5587b3aa2 sp=0x000000f8b3ffeba8 mode 2
Event: 50.432 Thread 0x000002d56a77d020 Uncommon trap: trap_request=0xffffff3d fr.pc=0x000002d5590ebbf8 relative=0x0000000000000238
Event: 50.432 Thread 0x000002d56a77d020 Uncommon trap: reason=unstable_fused_if action=reinterpret pc=0x000002d5590ebbf8 method=java.util.regex.Pattern.sequence(Ljava/util/regex/Pattern$Node;)Ljava/util/regex/Pattern$Node; @ 12 c2
Event: 50.432 Thread 0x000002d56a77d020 DEOPT PACKING pc=0x000002d5590ebbf8 sp=0x000000f8b3ffd490
Event: 50.432 Thread 0x000002d56a77d020 DEOPT UNPACKING pc=0x000002d5587b3aa2 sp=0x000000f8b3ffd410 mode 2
Event: 50.432 Thread 0x000002d56a77d020 Uncommon trap: trap_request=0xffffff45 fr.pc=0x000002d5590eaa80 relative=0x0000000000000c00
Event: 50.432 Thread 0x000002d56a77d020 Uncommon trap: reason=unstable_if action=reinterpret pc=0x000002d5590eaa80 method=java.util.regex.Pattern.atom()Ljava/util/regex/Pattern$Node; @ 294 c2
Event: 50.432 Thread 0x000002d56a77d020 DEOPT PACKING pc=0x000002d5590eaa80 sp=0x000000f8b3ffcf30
Event: 50.432 Thread 0x000002d56a77d020 DEOPT UNPACKING pc=0x000002d5587b3aa2 sp=0x000000f8b3ffcec0 mode 2
Event: 50.433 Thread 0x000002d56a77d020 Uncommon trap: trap_request=0xffffff45 fr.pc=0x000002d5590e9538 relative=0x0000000000000178
Event: 50.433 Thread 0x000002d56a77d020 Uncommon trap: reason=unstable_if action=reinterpret pc=0x000002d5590e9538 method=java.util.regex.Pattern.escape(ZZZ)I @ 8 c2
Event: 50.433 Thread 0x000002d56a77d020 DEOPT PACKING pc=0x000002d5590e9538 sp=0x000000f8b3ffce90
Event: 50.433 Thread 0x000002d56a77d020 DEOPT UNPACKING pc=0x000002d5587b3aa2 sp=0x000000f8b3ffce28 mode 2
Event: 51.590 Thread 0x000002d56b928d70 Uncommon trap: trap_request=0xffffff45 fr.pc=0x000002d558ddb4dc relative=0x000000000000011c
Event: 51.590 Thread 0x000002d56b928d70 Uncommon trap: reason=unstable_if action=reinterpret pc=0x000002d558ddb4dc method=java.lang.StrictMath.floorOrCeil(DDDD)D @ 115 c2
Event: 51.590 Thread 0x000002d56b928d70 DEOPT PACKING pc=0x000002d558ddb4dc sp=0x000000f8b50febb0
Event: 51.590 Thread 0x000002d56b928d70 DEOPT UNPACKING pc=0x000002d5587b3aa2 sp=0x000000f8b50feb18 mode 2

Classes loaded (20 events):
Event: 49.146 Loading class java/util/TimerTask
Event: 49.146 Loading class java/util/TimerTask done
Event: 49.160 Loading class java/util/Timer
Event: 49.161 Loading class java/util/Timer done
Event: 49.161 Loading class java/util/TaskQueue
Event: 49.161 Loading class java/util/TaskQueue done
Event: 49.161 Loading class java/util/TimerThread
Event: 49.301 Loading class java/util/TimerThread done
Event: 49.301 Loading class java/util/Timer$ThreadReaper
Event: 49.301 Loading class java/util/Timer$ThreadReaper done
Event: 50.249 Loading class java/util/concurrent/CopyOnWriteArraySet
Event: 50.261 Loading class java/util/concurrent/CopyOnWriteArraySet done
Event: 50.605 Loading class java/util/concurrent/ArrayBlockingQueue
Event: 50.685 Loading class java/util/concurrent/ArrayBlockingQueue done
Event: 51.997 Loading class sun/security/ssl/Alert
Event: 52.056 Loading class sun/security/ssl/Alert done
Event: 52.057 Loading class sun/security/ssl/Alert$AlertConsumer
Event: 52.058 Loading class sun/security/ssl/Alert$AlertConsumer done
Event: 52.058 Loading class sun/security/ssl/Alert$Level
Event: 52.058 Loading class sun/security/ssl/Alert$Level done

Classes unloaded (20 events):
Event: 28.133 Thread 0x000002d54e0f0830 Unloading class 0x000002d5011b3000 'java/lang/invoke/LambdaForm$MH+0x000002d5011b3000'
Event: 28.133 Thread 0x000002d54e0f0830 Unloading class 0x000002d5011b2c00 'java/lang/invoke/LambdaForm$MH+0x000002d5011b2c00'
Event: 28.133 Thread 0x000002d54e0f0830 Unloading class 0x000002d5011b2800 'java/lang/invoke/LambdaForm$MH+0x000002d5011b2800'
Event: 28.133 Thread 0x000002d54e0f0830 Unloading class 0x000002d5011b2400 'java/lang/invoke/LambdaForm$MH+0x000002d5011b2400'
Event: 28.133 Thread 0x000002d54e0f0830 Unloading class 0x000002d5011b2000 'java/lang/invoke/LambdaForm$BMH+0x000002d5011b2000'
Event: 28.133 Thread 0x000002d54e0f0830 Unloading class 0x000002d5011b1c00 'java/lang/invoke/LambdaForm$DMH+0x000002d5011b1c00'
Event: 28.133 Thread 0x000002d54e0f0830 Unloading class 0x000002d5011b0800 'java/lang/invoke/LambdaForm$DMH+0x000002d5011b0800'
Event: 32.359 Thread 0x000002d54e0f0830 Unloading class 0x000002d5012a2000 'java/lang/invoke/LambdaForm$MH+0x000002d5012a2000'
Event: 32.359 Thread 0x000002d54e0f0830 Unloading class 0x000002d5012a1400 'java/lang/invoke/LambdaForm$MH+0x000002d5012a1400'
Event: 32.359 Thread 0x000002d54e0f0830 Unloading class 0x000002d5012a1000 'java/lang/invoke/LambdaForm$DMH+0x000002d5012a1000'
Event: 32.359 Thread 0x000002d54e0f0830 Unloading class 0x000002d5012a0400 'java/lang/invoke/LambdaForm$MH+0x000002d5012a0400'
Event: 32.359 Thread 0x000002d54e0f0830 Unloading class 0x000002d50129c800 'java/lang/invoke/LambdaForm$MH+0x000002d50129c800'
Event: 32.359 Thread 0x000002d54e0f0830 Unloading class 0x000002d50129c000 'java/lang/invoke/LambdaForm$MH+0x000002d50129c000'
Event: 32.359 Thread 0x000002d54e0f0830 Unloading class 0x000002d50129b800 'java/lang/invoke/LambdaForm$MH+0x000002d50129b800'
Event: 32.359 Thread 0x000002d54e0f0830 Unloading class 0x000002d50129b000 'java/lang/invoke/LambdaForm$MH+0x000002d50129b000'
Event: 32.359 Thread 0x000002d54e0f0830 Unloading class 0x000002d50129a800 'java/lang/invoke/LambdaForm$MH+0x000002d50129a800'
Event: 32.359 Thread 0x000002d54e0f0830 Unloading class 0x000002d50129a000 'java/lang/invoke/LambdaForm$MH+0x000002d50129a000'
Event: 32.359 Thread 0x000002d54e0f0830 Unloading class 0x000002d501299800 'java/lang/invoke/LambdaForm$MH+0x000002d501299800'
Event: 32.359 Thread 0x000002d54e0f0830 Unloading class 0x000002d501299400 'java/lang/invoke/LambdaForm$MH+0x000002d501299400'
Event: 32.359 Thread 0x000002d54e0f0830 Unloading class 0x000002d501298c00 'java/lang/invoke/LambdaForm$DMH+0x000002d501298c00'

Classes redefined (0 events):
No events

Internal exceptions (20 events):
Event: 48.306 Thread 0x000002d56a77d020 Exception <a 'sun/nio/fs/WindowsException'{0x00000000d607f380}> (0x00000000d607f380) 
thrown [s\src\hotspot\share\prims\jni.cpp, line 520]
Event: 48.306 Thread 0x000002d56a77d020 Exception <a 'sun/nio/fs/WindowsException'{0x00000000d607f988}> (0x00000000d607f988) 
thrown [s\src\hotspot\share\prims\jni.cpp, line 520]
Event: 48.306 Thread 0x000002d56a77d020 Exception <a 'sun/nio/fs/WindowsException'{0x00000000d6082ec8}> (0x00000000d6082ec8) 
thrown [s\src\hotspot\share\prims\jni.cpp, line 520]
Event: 48.306 Thread 0x000002d56a77d020 Exception <a 'sun/nio/fs/WindowsException'{0x00000000d6083490}> (0x00000000d6083490) 
thrown [s\src\hotspot\share\prims\jni.cpp, line 520]
Event: 48.307 Thread 0x000002d56a77d020 Exception <a 'sun/nio/fs/WindowsException'{0x00000000d6083a60}> (0x00000000d6083a60) 
thrown [s\src\hotspot\share\prims\jni.cpp, line 520]
Event: 48.307 Thread 0x000002d56a77d020 Exception <a 'sun/nio/fs/WindowsException'{0x00000000d6084040}> (0x00000000d6084040) 
thrown [s\src\hotspot\share\prims\jni.cpp, line 520]
Event: 48.307 Thread 0x000002d56a77d020 Exception <a 'sun/nio/fs/WindowsException'{0x00000000d60880f8}> (0x00000000d60880f8) 
thrown [s\src\hotspot\share\prims\jni.cpp, line 520]
Event: 48.307 Thread 0x000002d56a77d020 Exception <a 'sun/nio/fs/WindowsException'{0x00000000d60886f8}> (0x00000000d60886f8) 
thrown [s\src\hotspot\share\prims\jni.cpp, line 520]
Event: 48.307 Thread 0x000002d56a77d020 Exception <a 'sun/nio/fs/WindowsException'{0x00000000d6088cf8}> (0x00000000d6088cf8) 
thrown [s\src\hotspot\share\prims\jni.cpp, line 520]
Event: 48.307 Thread 0x000002d56a77d020 Exception <a 'sun/nio/fs/WindowsException'{0x00000000d6089318}> (0x00000000d6089318) 
thrown [s\src\hotspot\share\prims\jni.cpp, line 520]
Event: 48.307 Thread 0x000002d56a77d020 Exception <a 'sun/nio/fs/WindowsException'{0x00000000d608d5b8}> (0x00000000d608d5b8) 
thrown [s\src\hotspot\share\prims\jni.cpp, line 520]
Event: 48.307 Thread 0x000002d56a77d020 Exception <a 'sun/nio/fs/WindowsException'{0x00000000d608dc08}> (0x00000000d608dc08) 
thrown [s\src\hotspot\share\prims\jni.cpp, line 520]
Event: 48.307 Thread 0x000002d56a77d020 Exception <a 'sun/nio/fs/WindowsException'{0x00000000d608e258}> (0x00000000d608e258) 
thrown [s\src\hotspot\share\prims\jni.cpp, line 520]
Event: 48.307 Thread 0x000002d56a77d020 Exception <a 'sun/nio/fs/WindowsException'{0x00000000d608e8c0}> (0x00000000d608e8c0) 
thrown [s\src\hotspot\share\prims\jni.cpp, line 520]
Event: 48.308 Thread 0x000002d56a77d020 Exception <a 'sun/nio/fs/WindowsException'{0x00000000d6093f70}> (0x00000000d6093f70) 
thrown [s\src\hotspot\share\prims\jni.cpp, line 520]
Event: 48.308 Thread 0x000002d56a77d020 Exception <a 'sun/nio/fs/WindowsException'{0x00000000d6094578}> (0x00000000d6094578) 
thrown [s\src\hotspot\share\prims\jni.cpp, line 520]
Event: 48.308 Thread 0x000002d56a77d020 Exception <a 'sun/nio/fs/WindowsException'{0x00000000d6094b90}> (0x00000000d6094b90) 
thrown [s\src\hotspot\share\prims\jni.cpp, line 520]
Event: 48.308 Thread 0x000002d56a77d020 Exception <a 'sun/nio/fs/WindowsException'{0x00000000d60951b8}> (0x00000000d60951b8) 
thrown [s\src\hotspot\share\prims\jni.cpp, line 520]
Event: 50.271 Thread 0x000002d56a77d020 Exception <a 'java/lang/NoSuchMethodError'{0x00000000d67453d8}: 'java.lang.Object java.lang.invoke.DirectMethodHandle$Holder.invokeVirtual(java.lang.Object, java.lang.Object, java.lang.Object, java.lang.Object)'> (0x00000000d67453d8) 
thrown [s\src\hotspot\share\interpreter\linkResolver.cpp, line 773]
Event: 50.293 Thread 0x000002d56a77d020 Exception <a 'java/lang/NoSuchMethodError'{0x00000000d6767d70}: 'java.lang.Object java.lang.invoke.DirectMethodHandle$Holder.invokeVirtual(java.lang.Object, java.lang.Object, java.lang.Object, java.lang.Object, java.lang.Object)'> (0x00000000d6767d70) 
thrown [s\src\hotspot\share\interpreter\linkResolver.cpp, line 773]

ZGC Phase Switch (0 events):
No events

VM Operations (20 events):
Event: 45.251 Executing VM operation: HandshakeAllThreads (Deoptimize)
Event: 45.251 Executing VM operation: HandshakeAllThreads (Deoptimize) done
Event: 46.254 Executing VM operation: Cleanup
Event: 46.254 Executing VM operation: Cleanup done
Event: 46.893 Executing VM operation: HandshakeAllThreads (Deoptimize)
Event: 46.894 Executing VM operation: HandshakeAllThreads (Deoptimize) done
Event: 47.409 Executing VM operation: HandshakeAllThreads (Deoptimize)
Event: 47.409 Executing VM operation: HandshakeAllThreads (Deoptimize) done
Event: 47.409 Executing VM operation: Cleanup
Event: 47.409 Executing VM operation: Cleanup done
Event: 47.446 Executing VM operation: ParallelGCFailedAllocation (Allocation Failure)
Event: 47.457 Executing VM operation: ParallelGCFailedAllocation (Allocation Failure) done
Event: 48.051 Executing VM operation: ParallelGCFailedAllocation (Allocation Failure)
Event: 48.053 Executing VM operation: ParallelGCFailedAllocation (Allocation Failure) done
Event: 49.056 Executing VM operation: Cleanup
Event: 49.056 Executing VM operation: Cleanup done
Event: 50.575 Executing VM operation: ParallelGCFailedAllocation (Allocation Failure)
Event: 50.576 Executing VM operation: ParallelGCFailedAllocation (Allocation Failure) done
Event: 51.582 Executing VM operation: Cleanup
Event: 51.583 Executing VM operation: Cleanup done

Memory protections (0 events):
No events

Nmethod flushes (20 events):
Event: 32.470 Thread 0x000002d54e0f0830 flushing  nmethod 0x000002d5519a5d10
Event: 32.470 Thread 0x000002d54e0f0830 flushing  nmethod 0x000002d5519ce310
Event: 32.470 Thread 0x000002d54e0f0830 flushing  nmethod 0x000002d5519e5610
Event: 32.470 Thread 0x000002d54e0f0830 flushing  nmethod 0x000002d5519e5a10
Event: 32.470 Thread 0x000002d54e0f0830 flushing  nmethod 0x000002d5519e6310
Event: 32.470 Thread 0x000002d54e0f0830 flushing  nmethod 0x000002d5519e7510
Event: 32.470 Thread 0x000002d54e0f0830 flushing  nmethod 0x000002d5519e8210
Event: 32.470 Thread 0x000002d54e0f0830 flushing  nmethod 0x000002d5519e8990
Event: 32.470 Thread 0x000002d54e0f0830 flushing  nmethod 0x000002d5519e9f10
Event: 32.470 Thread 0x000002d54e0f0830 flushing  nmethod 0x000002d5519ea410
Event: 32.470 Thread 0x000002d54e0f0830 flushing  nmethod 0x000002d5519eaf90
Event: 32.470 Thread 0x000002d54e0f0830 flushing  nmethod 0x000002d5519eb390
Event: 32.470 Thread 0x000002d54e0f0830 flushing  nmethod 0x000002d5519ec890
Event: 32.470 Thread 0x000002d54e0f0830 flushing  nmethod 0x000002d5519ecd10
Event: 32.470 Thread 0x000002d54e0f0830 flushing  nmethod 0x000002d5519ed590
Event: 32.470 Thread 0x000002d54e0f0830 flushing  nmethod 0x000002d5519f6590
Event: 32.470 Thread 0x000002d54e0f0830 flushing  nmethod 0x000002d5519f6a90
Event: 32.470 Thread 0x000002d54e0f0830 flushing  nmethod 0x000002d551a88e90
Event: 32.470 Thread 0x000002d54e0f0830 flushing  nmethod 0x000002d551a9da10
Event: 32.470 Thread 0x000002d54e0f0830 flushing  nmethod 0x000002d551abfd90

Events (20 events):
Event: 43.731 Thread 0x000002d56b92bb60 Thread added: 0x000002d56b92cf10
Event: 43.731 Thread 0x000002d56a186d40 Thread added: 0x000002d56b929400
Event: 43.731 Thread 0x000002d56b929400 Thread added: 0x000002d56b92a120
Event: 43.732 Thread 0x000002d56b92cf10 Thread added: 0x000002d56b927330
Event: 44.002 Thread 0x000002d564a29990 Thread added: 0x000002d56bb8bce0
Event: 44.745 Thread 0x000002d56bb8bce0 Thread exited: 0x000002d56bb8bce0
Event: 44.898 Thread 0x000002d564a29990 Thread added: 0x000002d56ca09790
Event: 45.177 Thread 0x000002d56ca09790 Thread exited: 0x000002d56ca09790
Event: 45.208 Thread 0x000002d564a29990 Thread added: 0x000002d56a8b8fd0
Event: 46.265 Thread 0x000002d56a8b8fd0 Thread exited: 0x000002d56a8b8fd0
Event: 46.269 Thread 0x000002d56a77e3d0 Thread added: 0x000002d56b9286e0
Event: 46.274 Thread 0x000002d56b9286e0 Thread exited: 0x000002d56b9286e0
Event: 46.990 Thread 0x000002d564a29990 Thread added: 0x000002d56bbcd0d0
Event: 47.206 Thread 0x000002d56bbcd0d0 Thread exited: 0x000002d56bbcd0d0
Event: 47.407 Thread 0x000002d56a77e3d0 Thread added: 0x000002d56b925f80
Event: 47.509 Thread 0x000002d564a16690 Thread added: 0x000002d56bbcc0c0
Event: 47.881 Thread 0x000002d56bbcc0c0 Thread exited: 0x000002d56bbcc0c0
Event: 49.302 Thread 0x000002d56a77d020 Thread added: 0x000002d56b928050
Event: 50.756 Thread 0x000002d56a77d020 Thread added: 0x000002d56b928d70
Event: 51.850 Thread 0x000002d56b928d70 Thread added: 0x000002d56b92a7b0


Dynamic libraries:
0x00007ff6dfea0000 - 0x00007ff6dfeae000 	c:\Users\user\.vscode\extensions\redhat.java-1.47.0-win32-x64\jre\21.0.8-win32-x86_64\bin\java.exe
0x00007ffbf8170000 - 0x00007ffbf8368000 	C:\WINDOWS\SYSTEM32\ntdll.dll
0x00007ffbf74c0000 - 0x00007ffbf7582000 	C:\WINDOWS\System32\KERNEL32.DLL
0x00007ffbf5830000 - 0x00007ffbf5b26000 	C:\WINDOWS\System32\KERNELBASE.dll
0x00007ffbf5c70000 - 0x00007ffbf5d70000 	C:\WINDOWS\System32\ucrtbase.dll
0x00007ffbd09a0000 - 0x00007ffbd09b8000 	c:\Users\user\.vscode\extensions\redhat.java-1.47.0-win32-x64\jre\21.0.8-win32-x86_64\bin\jli.dll
0x00007ffbc5210000 - 0x00007ffbc522e000 	c:\Users\user\.vscode\extensions\redhat.java-1.47.0-win32-x64\jre\21.0.8-win32-x86_64\bin\VCRUNTIME140.dll
0x00007ffbf7f80000 - 0x00007ffbf8121000 	C:\WINDOWS\System32\USER32.dll
0x00007ffbf5d70000 - 0x00007ffbf5d92000 	C:\WINDOWS\System32\win32u.dll
0x00007ffbe1860000 - 0x00007ffbe1afb000 	C:\WINDOWS\WinSxS\amd64_microsoft.windows.common-controls_6595b64144ccf1df_6.0.19041.6456_none_60b8a6cb71f64256\COMCTL32.dll
0x00007ffbf6600000 - 0x00007ffbf669e000 	C:\WINDOWS\System32\msvcrt.dll
0x00007ffbf7320000 - 0x00007ffbf734b000 	C:\WINDOWS\System32\GDI32.dll
0x00007ffbf6020000 - 0x00007ffbf6139000 	C:\WINDOWS\System32\gdi32full.dll
0x00007ffbf5f80000 - 0x00007ffbf601d000 	C:\WINDOWS\System32\msvcp_win.dll
0x00007ffbf7740000 - 0x00007ffbf776f000 	C:\WINDOWS\System32\IMM32.DLL
0x00007ffbe2c90000 - 0x00007ffbe2c9c000 	c:\Users\user\.vscode\extensions\redhat.java-1.47.0-win32-x64\jre\21.0.8-win32-x86_64\bin\vcruntime140_1.dll
0x00007ffbc4730000 - 0x00007ffbc47bd000 	c:\Users\user\.vscode\extensions\redhat.java-1.47.0-win32-x64\jre\21.0.8-win32-x86_64\bin\msvcp140.dll
0x00007ffb94590000 - 0x00007ffb95327000 	c:\Users\user\.vscode\extensions\redhat.java-1.47.0-win32-x64\jre\21.0.8-win32-x86_64\bin\server\jvm.dll
0x00007ffbf7cd0000 - 0x00007ffbf7d81000 	C:\WINDOWS\System32\ADVAPI32.dll
0x00007ffbf6990000 - 0x00007ffbf6a2f000 	C:\WINDOWS\System32\sechost.dll
0x00007ffbf7e00000 - 0x00007ffbf7f20000 	C:\WINDOWS\System32\RPCRT4.dll
0x00007ffbf5800000 - 0x00007ffbf5827000 	C:\WINDOWS\System32\bcrypt.dll
0x00007ffbf7d90000 - 0x00007ffbf7dfb000 	C:\WINDOWS\System32\WS2_32.dll
0x00007ffbf5710000 - 0x00007ffbf575b000 	C:\WINDOWS\SYSTEM32\POWRPROF.dll
0x00007ffbe2a00000 - 0x00007ffbe2a27000 	C:\WINDOWS\SYSTEM32\WINMM.dll
0x00007ffbe92c0000 - 0x00007ffbe92ca000 	C:\WINDOWS\SYSTEM32\VERSION.dll
0x00007ffbf56f0000 - 0x00007ffbf5702000 	C:\WINDOWS\SYSTEM32\UMPDC.dll
0x00007ffbf4010000 - 0x00007ffbf4022000 	C:\WINDOWS\SYSTEM32\kernel.appcore.dll
0x00007ffbe1bc0000 - 0x00007ffbe1bca000 	c:\Users\user\.vscode\extensions\redhat.java-1.47.0-win32-x64\jre\21.0.8-win32-x86_64\bin\jimage.dll
0x00007ffbf3170000 - 0x00007ffbf3371000 	C:\WINDOWS\SYSTEM32\DBGHELP.DLL
0x00007ffbde090000 - 0x00007ffbde0c4000 	C:\WINDOWS\SYSTEM32\dbgcore.DLL
0x00007ffbf5b30000 - 0x00007ffbf5bb2000 	C:\WINDOWS\System32\bcryptPrimitives.dll
0x00007ffbe1b70000 - 0x00007ffbe1b7f000 	c:\Users\user\.vscode\extensions\redhat.java-1.47.0-win32-x64\jre\21.0.8-win32-x86_64\bin\instrument.dll
0x00007ffbc38f0000 - 0x00007ffbc390f000 	c:\Users\user\.vscode\extensions\redhat.java-1.47.0-win32-x64\jre\21.0.8-win32-x86_64\bin\java.dll
0x00007ffbf6b50000 - 0x00007ffbf72c0000 	C:\WINDOWS\System32\SHELL32.dll
0x00007ffbf3850000 - 0x00007ffbf3ff5000 	C:\WINDOWS\SYSTEM32\windows.storage.dll
0x00007ffbf7970000 - 0x00007ffbf7cc4000 	C:\WINDOWS\System32\combase.dll
0x00007ffbf5150000 - 0x00007ffbf517b000 	C:\WINDOWS\SYSTEM32\Wldp.dll
0x00007ffbf73f0000 - 0x00007ffbf74bd000 	C:\WINDOWS\System32\OLEAUT32.dll
0x00007ffbf7770000 - 0x00007ffbf781d000 	C:\WINDOWS\System32\SHCORE.dll
0x00007ffbf66a0000 - 0x00007ffbf66fb000 	C:\WINDOWS\System32\shlwapi.dll
0x00007ffbf56c0000 - 0x00007ffbf56e4000 	C:\WINDOWS\SYSTEM32\profapi.dll
0x00007ffbc21b0000 - 0x00007ffbc21c8000 	c:\Users\user\.vscode\extensions\redhat.java-1.47.0-win32-x64\jre\21.0.8-win32-x86_64\bin\zip.dll
0x00007ffbe1b10000 - 0x00007ffbe1b20000 	C:\Users\user\.vscode\extensions\redhat.java-1.47.0-win32-x64\jre\21.0.8-win32-x86_64\bin\net.dll
0x00007ffbe8c30000 - 0x00007ffbe8d3a000 	C:\WINDOWS\SYSTEM32\WINHTTP.dll
0x00007ffbf4eb0000 - 0x00007ffbf4f1a000 	C:\WINDOWS\system32\mswsock.dll
0x00007ffbc2190000 - 0x00007ffbc21a6000 	C:\Users\user\.vscode\extensions\redhat.java-1.47.0-win32-x64\jre\21.0.8-win32-x86_64\bin\nio.dll
0x00007ffbdf770000 - 0x00007ffbdf780000 	c:\Users\user\.vscode\extensions\redhat.java-1.47.0-win32-x64\jre\21.0.8-win32-x86_64\bin\verify.dll
0x00007ffbbf060000 - 0x00007ffbbf0a4000 	C:\Users\user\AppData\Roaming\Code\User\globalStorage\redhat.java\1.47.0\config_win\org.eclipse.equinox.launcher\org.eclipse.equinox.launcher.win32.win32.x86_64_1.2.1400.v20250801-0854\eclipse_11916.dll
0x00007ffbf7840000 - 0x00007ffbf796b000 	C:\WINDOWS\System32\ole32.dll
0x00007ffbd15a0000 - 0x00007ffbd15aa000 	C:\Users\user\.vscode\extensions\redhat.java-1.47.0-win32-x64\jre\21.0.8-win32-x86_64\bin\management.dll
0x00007ffbc51d0000 - 0x00007ffbc51db000 	C:\Users\user\.vscode\extensions\redhat.java-1.47.0-win32-x64\jre\21.0.8-win32-x86_64\bin\management_ext.dll
0x00007ffbf7820000 - 0x00007ffbf7828000 	C:\WINDOWS\System32\PSAPI.DLL
0x00007ffbf50a0000 - 0x00007ffbf50b8000 	C:\WINDOWS\SYSTEM32\CRYPTSP.dll
0x00007ffbf47d0000 - 0x00007ffbf4808000 	C:\WINDOWS\system32\rsaenh.dll
0x00007ffbf5680000 - 0x00007ffbf56ae000 	C:\WINDOWS\SYSTEM32\USERENV.dll
0x00007ffbf50c0000 - 0x00007ffbf50cc000 	C:\WINDOWS\SYSTEM32\CRYPTBASE.dll
0x00007ffbf4b90000 - 0x00007ffbf4bcb000 	C:\WINDOWS\SYSTEM32\IPHLPAPI.DLL
0x00007ffbf7830000 - 0x00007ffbf7838000 	C:\WINDOWS\System32\NSI.dll
0x00007ffbaafa0000 - 0x00007ffbaafe9000 	C:\Users\user\AppData\Local\Temp\jna-3599307\jna1497305140605984477.dll
0x00007ffbe7b30000 - 0x00007ffbe7b47000 	C:\WINDOWS\SYSTEM32\dhcpcsvc6.DLL
0x00007ffbe7ec0000 - 0x00007ffbe7edd000 	C:\WINDOWS\SYSTEM32\dhcpcsvc.DLL
0x00007ffbd8240000 - 0x00007ffbd824e000 	C:\Users\user\.vscode\extensions\redhat.java-1.47.0-win32-x64\jre\21.0.8-win32-x86_64\bin\sunmscapi.dll
0x00007ffbf5e20000 - 0x00007ffbf5f7d000 	C:\WINDOWS\System32\CRYPT32.dll
0x00007ffbf51c0000 - 0x00007ffbf51e7000 	C:\WINDOWS\SYSTEM32\ncrypt.dll
0x00007ffbf5180000 - 0x00007ffbf51bb000 	C:\WINDOWS\SYSTEM32\NTASN1.dll
0x00007ffbf4bd0000 - 0x00007ffbf4c9a000 	C:\WINDOWS\SYSTEM32\DNSAPI.dll
0x000000006ca60000 - 0x000000006ca86000 	C:\Program Files\Bonjour\mdnsNSP.dll
0x00007ffbed640000 - 0x00007ffbed64a000 	C:\Windows\System32\rasadhlp.dll
0x00007ffbe5450000 - 0x00007ffbe54d0000 	C:\WINDOWS\System32\fwpuclnt.dll
0x00007ffbc4850000 - 0x00007ffbc4859000 	C:\Users\user\.vscode\extensions\redhat.java-1.47.0-win32-x64\jre\21.0.8-win32-x86_64\bin\extnet.dll

JVMTI agents:
c:\Users\user\.vscode\extensions\redhat.java-1.47.0-win32-x64\lombok\lombok-1.18.39-4050.jar path:c:\Users\user\.vscode\extensions\redhat.java-1.47.0-win32-x64\jre\21.0.8-win32-x86_64\bin\instrument.dll, loaded, initialized, instrumentlib options:none

dbghelp: loaded successfully - version: 4.0.5 - missing functions: none
symbol engine: initialized successfully - sym options: 0x614 - pdb path: .;c:\Users\user\.vscode\extensions\redhat.java-1.47.0-win32-x64\jre\21.0.8-win32-x86_64\bin;C:\WINDOWS\SYSTEM32;C:\WINDOWS\WinSxS\amd64_microsoft.windows.common-controls_6595b64144ccf1df_6.0.19041.6456_none_60b8a6cb71f64256;c:\Users\user\.vscode\extensions\redhat.java-1.47.0-win32-x64\jre\21.0.8-win32-x86_64\bin\server;C:\Users\user\AppData\Roaming\Code\User\globalStorage\redhat.java\1.47.0\config_win\org.eclipse.equinox.launcher\org.eclipse.equinox.launcher.win32.win32.x86_64_1.2.1400.v20250801-0854;C:\Users\user\AppData\Local\Temp\jna-3599307;C:\Program Files\Bonjour

VM Arguments:
jvm_args: --add-modules=ALL-SYSTEM --add-opens=java.base/java.util=ALL-UNNAMED --add-opens=java.base/java.lang=ALL-UNNAMED --add-opens=java.base/sun.nio.fs=ALL-UNNAMED -Declipse.application=org.eclipse.jdt.ls.core.id1 -Dosgi.bundles.defaultStartLevel=4 -Declipse.product=org.eclipse.jdt.ls.core.product -Djava.import.generatesMetadataFilesAtProjectRoot=false -DDetectVMInstallationsJob.disabled=true -Dfile.encoding=utf8 -XX:+UseParallelGC -XX:GCTimeRatio=4 -XX:AdaptiveSizePolicyWeight=90 -Dsun.zip.disableMemoryMapping=true -Xmx2G -Xms100m -Xlog:disable -javaagent:c:\Users\user\.vscode\extensions\redhat.java-1.47.0-win32-x64\lombok\lombok-1.18.39-4050.jar -XX:+HeapDumpOnOutOfMemoryError -XX:HeapDumpPath=c:\Users\user\AppData\Roaming\Code\User\workspaceStorage\450a198416a22b53fea947bb5520bc25\redhat.java -Daether.dependencyCollector.impl=bf 
java_command: c:\Users\user\.vscode\extensions\redhat.java-1.47.0-win32-x64\server\plugins\org.eclipse.equinox.launcher_1.7.100.v20251014-1222.jar -configuration c:\Users\user\AppData\Roaming\Code\User\globalStorage\redhat.java\1.47.0\config_win -data c:\Users\user\AppData\Roaming\Code\User\workspaceStorage\450a198416a22b53fea947bb5520bc25\redhat.java\jdt_ws --pipe=\\.\pipe\lsp-f543acdff0611e8bf569146300ec78d1-sock
java_class_path (initial): c:\Users\user\.vscode\extensions\redhat.java-1.47.0-win32-x64\server\plugins\org.eclipse.equinox.launcher_1.7.100.v20251014-1222.jar
Launcher Type: SUN_STANDARD

[Global flags]
    uintx AdaptiveSizePolicyWeight                 = 90                                        {product} {command line}
     intx CICompilerCount                          = 3                                         {product} {ergonomic}
    uintx GCTimeRatio                              = 4                                         {product} {command line}
     bool HeapDumpOnOutOfMemoryError               = true                                   {manageable} {command line}
    ccstr HeapDumpPath                             = c:\Users\user\AppData\Roaming\Code\User\workspaceStorage\450a198416a22b53fea947bb5520bc25\redhat.java         {manageable} {command line}
   size_t InitialHeapSize                          = 104857600                                 {product} {command line}
   size_t MaxHeapSize                              = 2147483648                                {product} {command line}
   size_t MaxNewSize                               = 715653120                                 {product} {ergonomic}
   size_t MinHeapDeltaBytes                        = 524288                                    {product} {ergonomic}
   size_t MinHeapSize                              = 104857600                                 {product} {command line}
   size_t NewSize                                  = 34603008                                  {product} {ergonomic}
    uintx NonNMethodCodeHeapSize                   = 5832780                                {pd product} {ergonomic}
    uintx NonProfiledCodeHeapSize                  = 122912730                              {pd product} {ergonomic}
   size_t OldSize                                  = 70254592                                  {product} {ergonomic}
    uintx ProfiledCodeHeapSize                     = 122912730                              {pd product} {ergonomic}
    uintx ReservedCodeCacheSize                    = 251658240                              {pd product} {ergonomic}
     bool SegmentedCodeCache                       = true                                      {product} {ergonomic}
   size_t SoftMaxHeapSize                          = 2147483648                             {manageable} {ergonomic}
     bool UseCompressedOops                        = true                           {product lp64_product} {ergonomic}
     bool UseLargePagesIndividualAllocation        = false                                  {pd product} {ergonomic}
     bool UseParallelGC                            = true                                      {product} {command line}

Logging:
Log output configuration:
 #0: stdout all=off uptime,level,tags foldmultilines=false
 #1: stderr all=off uptime,level,tags foldmultilines=false

Environment Variables:
JAVA_HOME=C:\Program Files\Java\jdk-18.0.1.1
PATH=C:\oraclexe\app\oracle\product\11.2.0\server\bin;C:\WINDOWS\system32;C:\WINDOWS;C:\WINDOWS\system32\Wbem;C:\Program Files (x86)\Common Files\Oracle\Java\javapath;C:\oraclexe\app\oracle\product\11.2.0\server\bin;C:\WINDOWS\system32;C:\WINDOWS;C:\WINDOWS\System32\Wbem;C:\WINDOWS\System32\WindowsPowerShell\v1.0\;C:\WINDOWS\System32\OpenSSH\;C:\Program Files\dotnet\;C:\Program Files\Microsoft SQL Server\130\Tools\Binn\;C:\Program Files\Microsoft SQL Server\Client SDK\ODBC\170\Tools\Binn\;C:\Program Files\Java\jdk-18.0.1.1\bin;C:\ProgramData\chocolatey\bin;C:\Python310;C:\Program Files (x86)\dotnet\;C:\Program Files\PuTTY\;C:\WINDOWS\System32\WindowsPowerShell\v1.0\;C:\WINDOWS\System32\OpenSSH\;C:\Program Files\GitHub CLI\;C:\Program Files\Git\cmd;D:\laravel\php;C:\ProgramData\ComposerSetup\bin;C:\WINDOWS\System32\Wbem;C:\Program Files\nodejs\;C:\Program Files\MySQL\MySQL Shell 8.0\bin\;C:\Users\user\AppData\Local\Programs\Python\Python310\Scripts\;C:\Users\user\AppData\Local\Programs\Python\Python310\;C:\Users\user\AppData\Local\Microsoft\WindowsApps;C:\Users\user\.dotnet\tools;C:\Users\user\AppData\Roaming\Microsoft\Windows\Start Menu\Programs\Python 3.10;C:\src\flutter\bin;C:\Users\user\AppData\Roaming\Composer\vendor\bin;C:\Users\user\AppData\Local\Programs\Microsoft VS Code\bin;D:\laravel\php;C:\Program Files\nmap-7.94;C:\Program Files\PostgreSQL\14;C:\Program Files\PostgreSQL\14;C:\Users\user\AppData\Roaming\npm
USERNAME=user
OS=Windows_NT
PROCESSOR_IDENTIFIER=Intel64 Family 6 Model 142 Stepping 9, GenuineIntel
TMP=C:\Users\user\AppData\Local\Temp
TEMP=C:\Users\user\AppData\Local\Temp




Periodic native trim disabled

---------------  S Y S T E M  ---------------

OS:
 Windows 10 , 64 bit Build 19041 (10.0.19041.5915)
OS uptime: 0 days 1:07 hours

CPU: total 4 (initial active 4) (2 cores per cpu, 2 threads per core) family 6 model 142 stepping 9 microcode 0xb4, cx8, cmov, fxsr, ht, mmx, 3dnowpref, sse, sse2, sse3, ssse3, sse4.1, sse4.2, popcnt, lzcnt, tsc, tscinvbit, avx, avx2, aes, erms, clmul, bmi1, bmi2, adx, fma, vzeroupper, clflush, clflushopt, rdtscp, f16c
Processor Information for the first 4 processors :
  Max Mhz: 2904, Current Mhz: 2703, Mhz Limit: 2700

Memory: 4k page, system-wide physical 8109M (1201M free)
TotalPageFile size 8109M (AvailPageFile size 17M)
current process WorkingSet (physical memory assigned to process): 206M, peak: 226M
current process commit charge ("private bytes"): 303M, peak: 328M

vm_info: OpenJDK 64-Bit Server VM (21.0.8+9-LTS) for windows-amd64 JRE (21.0.8+9-LTS), built on 2025-07-15T00:00:00Z by "admin" with MS VC++ 17.7 (VS2022)

END.
