#
# There is insufficient memory for the Java Runtime Environment to continue.
# Native memory allocation (mmap) failed to map 65536 bytes. Error detail: Failed to commit metaspace.
# Possible reasons:
#   The system is out of physical RAM or swap space
#   This process is running with CompressedOops enabled, and the Java Heap may be blocking the growth of the native heap
# Possible solutions:
#   Reduce memory load on the system
#   Increase physical memory or swap space
#   Check if swap backing store is full
#   Decrease Java heap size (-Xmx/-Xms)
#   Decrease number of Java threads
#   Decrease Java thread stack sizes (-Xss)
#   Set larger code cache with -XX:ReservedCodeCacheSize=
#   JVM is running with Unscaled Compressed Oops mode in which the Java heap is
#     placed in the first 4GB address space. The Java Heap base address is the
#     maximum limit for the native heap growth. Please use -XX:HeapBaseMinAddress
#     to set the Java Heap base and to place the Java Heap above 4GB virtual address.
# This output file may be truncated or incomplete.
#
#  Out of Memory Error (virtualSpaceNode.cpp:113), pid=10836, tid=12512
#
# JRE version: OpenJDK Runtime Environment Temurin-21.0.9+10 (21.0.9+10) (build 21.0.9+10-LTS)
# Java VM: OpenJDK 64-Bit Server VM Temurin-21.0.9+10 (21.0.9+10-LTS, mixed mode, sharing, tiered, compressed oops, compressed class ptrs, parallel gc, windows-amd64)
# No core dump will be written. Minidumps are not enabled by default on client versions of Windows
#

---------------  S U M M A R Y ------------

Command Line: --add-modules=ALL-SYSTEM --add-opens=java.base/java.util=ALL-UNNAMED --add-opens=java.base/java.lang=ALL-UNNAMED --add-opens=java.base/sun.nio.fs=ALL-UNNAMED -Declipse.application=org.eclipse.jdt.ls.core.id1 -Dosgi.bundles.defaultStartLevel=4 -Declipse.product=org.eclipse.jdt.ls.core.product -Djava.import.generatesMetadataFilesAtProjectRoot=false -DDetectVMInstallationsJob.disabled=true -Dfile.encoding=utf8 -XX:+UseParallelGC -XX:GCTimeRatio=4 -XX:AdaptiveSizePolicyWeight=90 -Dsun.zip.disableMemoryMapping=true -Xmx2G -Xms100m -Xlog:disable -javaagent:c:\Users\user\.vscode\extensions\redhat.java-1.49.0-win32-x64\lombok\lombok-1.18.39-4050.jar c:\Users\user\.vscode\extensions\redhat.java-1.49.0-win32-x64\server\plugins\org.eclipse.equinox.launcher_1.7.100.v20251111-0406.jar -configuration c:\Users\user\AppData\Roaming\Code\User\globalStorage\redhat.java\1.49.0\config_ss_win -data c:\Users\user\AppData\Roaming\Code\User\workspaceStorage\450a198416a22b53fea947bb5520bc25\redhat.java\ss_ws --pipe=\\.\pipe\lsp-d361edbccdc1b3b42735cd98ce642a2d-sock

Host: Intel(R) Core(TM) i7-7500U CPU @ 2.70GHz, 4 cores, 7G,  Windows 10 , 64 bit Build 19041 (10.0.19041.5915)
Time: Thu Nov 20 16:53:30 2025 E. Africa Standard Time elapsed time: 51.650559 seconds (0d 0h 0m 51s)

---------------  T H R E A D  ---------------

Current thread (0x000001c645511300):  JavaThread "main"             [_thread_in_vm, id=12512, stack(0x000000858b800000,0x000000858b900000) (1024K)]

Stack: [0x000000858b800000,0x000000858b900000]
Native frames: (J=compiled Java code, j=interpreted, Vv=VM code, C=native code)
V  [jvm.dll+0x6d6e29]
V  [jvm.dll+0x8b4b76]
V  [jvm.dll+0x8b712e]
V  [jvm.dll+0x8b7813]
V  [jvm.dll+0x283d86]
V  [jvm.dll+0x8b08be]
V  [jvm.dll+0x678824]
V  [jvm.dll+0x67888a]
V  [jvm.dll+0x67b086]
V  [jvm.dll+0x67af52]
V  [jvm.dll+0x6791fe]
V  [jvm.dll+0x26f054]
V  [jvm.dll+0x219d5f]
V  [jvm.dll+0x20f44e]
V  [jvm.dll+0x5b5a0f]
V  [jvm.dll+0x2210ce]
V  [jvm.dll+0x82d53d]
V  [jvm.dll+0x82e56b]
V  [jvm.dll+0x82eb34]
V  [jvm.dll+0x82e7c8]
V  [jvm.dll+0x2716ad]
V  [jvm.dll+0x2718ea]
V  [jvm.dll+0x5d8be7]
V  [jvm.dll+0x5dbbd6]
V  [jvm.dll+0x3e03f2]
V  [jvm.dll+0x3dfaaa]
C  0x000001c64fc68095

The last pc belongs to invokestatic (printed below).
Java frames: (J=compiled Java code, j=interpreted, Vv=VM code)
j  jdk.internal.icu.impl.NormalizerImpl.load(Ljava/lang/String;)Ljdk/internal/icu/impl/NormalizerImpl;+2 java.base@21.0.9
j  jdk.internal.icu.impl.Norm2AllModes$Norm2AllModesSingleton.<init>(Ljava/lang/String;)V+37 java.base@21.0.9
j  jdk.internal.icu.impl.Norm2AllModes$NFKCSingleton.<clinit>()V+6 java.base@21.0.9
v  ~StubRoutines::call_stub 0x000001c64fc5100d
j  jdk.internal.icu.impl.Norm2AllModes.getNFKCInstance()Ljdk/internal/icu/impl/Norm2AllModes;+0 java.base@21.0.9
j  jdk.internal.icu.text.Normalizer2.getNFKDInstance()Ljdk/internal/icu/text/Normalizer2;+0 java.base@21.0.9
j  jdk.internal.icu.text.NormalizerBase$NFKDModeImpl.<clinit>()V+4 java.base@21.0.9
v  ~StubRoutines::call_stub 0x000001c64fc5100d
j  jdk.internal.icu.text.NormalizerBase$NFKDMode.getNormalizer2(I)Ljdk/internal/icu/text/Normalizer2;+16 java.base@21.0.9
j  jdk.internal.icu.text.NormalizerBase.normalize(Ljava/lang/String;Ljdk/internal/icu/text/NormalizerBase$Mode;I)Ljava/lang/String;+2 java.base@21.0.9
j  jdk.internal.icu.text.NormalizerBase.normalize(Ljava/lang/String;Ljava/text/Normalizer$Form;)Ljava/lang/String;+6 java.base@21.0.9
j  java.text.Normalizer.normalize(Ljava/lang/CharSequence;Ljava/text/Normalizer$Form;)Ljava/lang/String;+7 java.base@21.0.9
j  sun.security.x509.AVA.toRFC2253CanonicalString()Ljava/lang/String;+357 java.base@21.0.9
j  sun.security.x509.RDN.toRFC2253StringInternal(ZLjava/util/Map;)Ljava/lang/String;+19 java.base@21.0.9
j  sun.security.x509.RDN.toRFC2253String(Z)Ljava/lang/String;+27 java.base@21.0.9
j  sun.security.x509.X500Name.getRFC2253CanonicalName()Ljava/lang/String;+62 java.base@21.0.9
j  sun.security.x509.X500Name.equals(Ljava/lang/Object;)Z+118 java.base@21.0.9
j  sun.security.pkcs.PKCS7.getCertificate(Ljava/math/BigInteger;Lsun/security/x509/X500Name;)Ljava/security/cert/X509Certificate;+60 java.base@21.0.9
j  sun.security.pkcs.SignerInfo.getCertificate(Lsun/security/pkcs/PKCS7;)Ljava/security/cert/X509Certificate;+9 java.base@21.0.9
j  sun.security.pkcs.SignerInfo.verify(Lsun/security/pkcs/PKCS7;[B)Lsun/security/pkcs/SignerInfo;+422 java.base@21.0.9
j  sun.security.pkcs.PKCS7.verify(Lsun/security/pkcs/SignerInfo;[B)Lsun/security/pkcs/SignerInfo;+3 java.base@21.0.9
j  sun.security.pkcs.PKCS7.verify([B)[Lsun/security/pkcs/SignerInfo;+27 java.base@21.0.9
j  sun.security.pkcs.SignerInfo.getTimestamp()Ljava/security/Timestamp;+45 java.base@21.0.9
j  sun.security.pkcs.SignerInfo.verify(Lsun/security/pkcs/PKCS7;[B)Lsun/security/pkcs/SignerInfo;+3 java.base@21.0.9
j  sun.security.pkcs.PKCS7.verify(Lsun/security/pkcs/SignerInfo;[B)Lsun/security/pkcs/SignerInfo;+3 java.base@21.0.9
j  sun.security.pkcs.PKCS7.verify([B)[Lsun/security/pkcs/SignerInfo;+27 java.base@21.0.9
j  sun.security.util.SignatureFileVerifier.processImpl(Ljava/util/Hashtable;Ljava/util/List;Ljava/lang/String;)V+62 java.base@21.0.9
j  sun.security.util.SignatureFileVerifier.process(Ljava/util/Hashtable;Ljava/util/List;Ljava/lang/String;)V+12 java.base@21.0.9
j  java.util.jar.JarVerifier.processEntry(Lsun/security/util/ManifestEntryVerifier;)V+397 java.base@21.0.9
j  java.util.jar.JarVerifier.update(I[BIILsun/security/util/ManifestEntryVerifier;)V+39 java.base@21.0.9
j  java.util.jar.JarFile.initializeVerifier()V+164 java.base@21.0.9
j  java.util.jar.JarFile.ensureInitialization()V+36 java.base@21.0.9
j  java.util.jar.JavaUtilJarAccessImpl.ensureInitialization(Ljava/util/jar/JarFile;)V+1 java.base@21.0.9
j  jdk.internal.loader.URLClassPath$JarLoader$2.getManifest()Ljava/util/jar/Manifest;+10 java.base@21.0.9
j  jdk.internal.loader.BuiltinClassLoader.defineClass(Ljava/lang/String;Ljdk/internal/loader/Resource;)Ljava/lang/Class;+29 java.base@21.0.9
j  jdk.internal.loader.BuiltinClassLoader.findClassOnClassPathOrNull(Ljava/lang/String;)Ljava/lang/Class;+37 java.base@21.0.9
j  jdk.internal.loader.BuiltinClassLoader.loadClassOrNull(Ljava/lang/String;Z)Ljava/lang/Class;+111 java.base@21.0.9
j  jdk.internal.loader.BuiltinClassLoader.loadClass(Ljava/lang/String;Z)Ljava/lang/Class;+3 java.base@21.0.9
j  jdk.internal.loader.ClassLoaders$AppClassLoader.loadClass(Ljava/lang/String;Z)Ljava/lang/Class;+36 java.base@21.0.9
j  java.lang.ClassLoader.loadClass(Ljava/lang/String;)Ljava/lang/Class;+3 java.base@21.0.9
v  ~StubRoutines::call_stub 0x000001c64fc5100d
j  java.lang.Class.forName0(Ljava/lang/String;ZLjava/lang/ClassLoader;Ljava/lang/Class;)Ljava/lang/Class;+0 java.base@21.0.9
j  java.lang.Class.forName(Ljava/lang/String;ZLjava/lang/ClassLoader;Ljava/lang/Class;)Ljava/lang/Class;+37 java.base@21.0.9
j  java.lang.Class.forName(Ljava/lang/String;ZLjava/lang/ClassLoader;)Ljava/lang/Class;+20 java.base@21.0.9
j  sun.launcher.LauncherHelper.loadMainClass(ILjava/lang/String;)Ljava/lang/Class;+95 java.base@21.0.9
j  sun.launcher.LauncherHelper.checkAndLoadMain(ZILjava/lang/String;)Ljava/lang/Class;+42 java.base@21.0.9
v  ~StubRoutines::call_stub 0x000001c64fc5100d
invokestatic  184 invokestatic  [0x000001c64fc67fe0, 0x000001c64fc682a8]  712 bytes
[MachCode]
  0x000001c64fc67fe0: 4883 ec08 | c5fa 1104 | 24eb 1f48 | 83ec 10c5 | fb11 0424 | eb14 4883 | ec10 4889 | 0424 48c7 
  0x000001c64fc68000: 4424 0800 | 0000 00eb | 0150 4c89 | 6dc0 410f | b755 0148 | 8b4d d0c1 | e202 8b5c | d138 c1eb 
  0x000001c64fc68020: 1081 e3ff | 0000 0081 | fbb8 0000 | 000f 84b4 | 0000 00bb | b800 0000 | e805 0000 | 00e9 9900 
  0x000001c64fc68040: 0000 488b | d348 8d44 | 2408 4c89 | 6dc0 498b | cfc5 f877 | 4989 afa8 | 0300 0049 | 8987 9803 
  0x000001c64fc68060: 0000 4883 | ec20 40f6 | c40f 0f84 | 1900 0000 | 4883 ec08 | 48b8 40fa | ecdd f87f | 0000 ffd0 
  0x000001c64fc68080: 4883 c408 | e90c 0000 | 0048 b840 | faec ddf8 | 7f00 00ff | d048 83c4 | 2049 c787 | 9803 0000 
  0x000001c64fc680a0: 0000 0000 | 49c7 87a8 | 0300 0000 | 0000 0049 | c787 a003 | 0000 0000 | 0000 c5f8 | 7749 837f 
  0x000001c64fc680c0: 0800 0f84 | 0500 0000 | e933 8efe | ff4c 8b6d | c04c 8b75 | c84e 8d74 | f500 c341 | 0fb7 5501 
  0x000001c64fc680e0: 488b 4dd0 | c1e2 0248 | 8b5c d140 | 488b 5b08 | 488b 5b08 | 488b 5b18 | 80bb 3101 | 0000 040f 
  0x000001c64fc68100: 840d 0000 | 004c 3bbb | 3801 0000 | 0f85 21ff | ffff 488b | 5cd1 408b | 54d1 50c1 | ea1c 49ba 
  0x000001c64fc68120: 40d4 7bde | f87f 0000 | 498b 14d2 | 5248 8b45 | d848 85c0 | 0f84 1200 | 0000 4883 | 4008 0148 
  0x000001c64fc68140: 8358 0800 | 4883 c010 | 4889 45d8 | 488b 45d8 | 4885 c00f | 843d 0100 | 0080 78f0 | 0a0f 8533 
  0x000001c64fc68160: 0100 0048 | 83c0 084c | 8b68 f841 | 83ed 0041 | 83fd 020f | 8c12 0100 | 004c 8b6b | 0845 0fb7 
  0x000001c64fc68180: 6d2e 4c2b | 2841 83ed | 014e 8b6c | ec08 4d85 | ed75 0ef6 | 4008 0175 | 58f0 4883 | 4808 01eb 
  0x000001c64fc681a0: 5045 8b6d | 0849 ba00 | 0000 00c6 | 0100 004d | 03ea 4d8b | d54c 3368 | 0849 f7c5 | fcff ffff 
  0x000001c64fc681c0: 742f 41f6 | c502 7529 | 4883 7808 | 0074 1e48 | 8378 0801 | 7417 4d8b | ea4c 3368 | 0849 f7c5 
  0x000001c64fc681e0: fcff ffff | 740b 4883 | 4808 02eb | 044c 8968 | 0848 83c0 | 104c 8b68 | e841 83ed | 0241 83fd 
  0x000001c64fc68200: 020f 8c84 | 0000 004c | 8b6b 0845 | 0fb7 6d2e | 4c2b 2841 | 83ed 014e | 8b6c ec08 | 4d85 ed75 
  0x000001c64fc68220: 0ef6 4008 | 0175 58f0 | 4883 4808 | 01eb 5045 | 8b6d 0849 | ba00 0000 | 00c6 0100 | 004d 03ea 
  0x000001c64fc68240: 4d8b d54c | 3368 0849 | f7c5 fcff | ffff 742f | 41f6 c502 | 7529 4883 | 7808 0074 | 1e48 8378 
  0x000001c64fc68260: 0801 7417 | 4d8b ea4c | 3368 0849 | f7c5 fcff | ffff 740b | 4883 4808 | 02eb 044c | 8968 0848 
  0x000001c64fc68280: 83c0 104c | 8b68 d841 | 83ed 0441 | c1e5 0349 | 03c5 4889 | 45d8 4c8d | 6c24 084c | 896d f0ff 
  0x000001c64fc682a0: 6350 660f | 1f44 0000 
[/MachCode]

---------------  P R O C E S S  ---------------

Threads class SMR info:
_java_thread_list=0x000001c65cded5e0, length=11, elements={
0x000001c645511300, 0x000001c65bef9d90, 0x000001c65befb5f0, 0x000001c65befd0d0,
0x000001c65beffdf0, 0x000001c65bf00b00, 0x000001c65bf02560, 0x000001c65bf03d80,
0x000001c65bf15c30, 0x000001c65cbc02e0, 0x000001c65cde9a70
}

Java Threads: ( => current thread )
=>0x000001c645511300 JavaThread "main"                              [_thread_in_vm, id=12512, stack(0x000000858b800000,0x000000858b900000) (1024K)]
  0x000001c65bef9d90 JavaThread "Reference Handler"          daemon [_thread_blocked, id=8352, stack(0x000000858bc00000,0x000000858bd00000) (1024K)]
  0x000001c65befb5f0 JavaThread "Finalizer"                  daemon [_thread_blocked, id=10732, stack(0x000000858bd00000,0x000000858be00000) (1024K)]
  0x000001c65befd0d0 JavaThread "Signal Dispatcher"          daemon [_thread_blocked, id=3416, stack(0x000000858be00000,0x000000858bf00000) (1024K)]
  0x000001c65beffdf0 JavaThread "Attach Listener"            daemon [_thread_blocked, id=9116, stack(0x000000858bf00000,0x000000858c000000) (1024K)]
  0x000001c65bf00b00 JavaThread "Service Thread"             daemon [_thread_blocked, id=11248, stack(0x000000858c000000,0x000000858c100000) (1024K)]
  0x000001c65bf02560 JavaThread "Monitor Deflation Thread"   daemon [_thread_blocked, id=10292, stack(0x000000858c100000,0x000000858c200000) (1024K)]
  0x000001c65bf03d80 JavaThread "C2 CompilerThread0"         daemon [_thread_blocked, id=4248, stack(0x000000858c200000,0x000000858c300000) (1024K)]
  0x000001c65bf15c30 JavaThread "C1 CompilerThread0"         daemon [_thread_blocked, id=6884, stack(0x000000858c300000,0x000000858c400000) (1024K)]
  0x000001c65cbc02e0 JavaThread "Common-Cleaner"             daemon [_thread_blocked, id=11880, stack(0x000000858c400000,0x000000858c500000) (1024K)]
  0x000001c65cde9a70 JavaThread "Notification Thread"        daemon [_thread_blocked, id=11216, stack(0x000000858c500000,0x000000858c600000) (1024K)]
Total: 11

Other Threads:
  0x000001c65beee750 VMThread "VM Thread"                           [id=11324, stack(0x000000858bb00000,0x000000858bc00000) (1024K)]
  0x000001c64557af90 WatcherThread "VM Periodic Task Thread"        [id=7288, stack(0x000000858ba00000,0x000000858bb00000) (1024K)]
  0x000001c64552f3a0 WorkerThread "GC Thread#0"                     [id=12792, stack(0x000000858b900000,0x000000858ba00000) (1024K)]
Total: 3

Threads with active compile tasks:
Total: 0

VM state: not at safepoint (normal execution)

VM Mutex/Monitor currently owned by a thread:  ([mutex/lock_event])
[0x00007ff8de7ab4f0] Metaspace_lock - owner thread: 0x000001c645511300

Heap address: 0x0000000080000000, size: 2048 MB, Compressed Oops mode: 32-bit

CDS archive(s) mapped at: [0x000001c600000000-0x000001c600ba0000-0x000001c600ba0000), size 12189696, SharedBaseAddress: 0x000001c600000000, ArchiveRelocationMode: 1.
Compressed class space mapped at: 0x000001c601000000-0x000001c641000000, reserved size: 1073741824
Narrow klass base: 0x000001c600000000, Narrow klass shift: 0, Narrow klass range: 0x100000000

GC Precious Log:
 CardTable entry size: 512
 CPUs: 4 total, 4 available
 Memory: 8109M
 Large Page Support: Disabled
 NUMA Support: Disabled
 Compressed Oops: Enabled (32-bit)
 Alignments: Space 512K, Generation 512K, Heap 2M
 Heap Min Capacity: 100M
 Heap Initial Capacity: 100M
 Heap Max Capacity: 2G
 Pre-touch: Disabled
 Parallel Workers: 4

Heap:
 PSYoungGen      total 29696K, used 13863K [0x00000000d5580000, 0x00000000d7680000, 0x0000000100000000)
  eden space 25600K, 54% used [0x00000000d5580000,0x00000000d6309f70,0x00000000d6e80000)
  from space 4096K, 0% used [0x00000000d7280000,0x00000000d7280000,0x00000000d7680000)
  to   space 4096K, 0% used [0x00000000d6e80000,0x00000000d6e80000,0x00000000d7280000)
 ParOldGen       total 68608K, used 0K [0x0000000080000000, 0x0000000084300000, 0x00000000d5580000)
  object space 68608K, 0% used [0x0000000080000000,0x0000000080000000,0x0000000084300000)
 Metaspace       used 2557K, committed 2752K, reserved 1114112K
  class space    used 262K, committed 384K, reserved 1048576K

Card table byte_map: [0x000001c644ef0000,0x000001c645300000] _byte_map_base: 0x000001c644af0000

Marking Bits: (ParMarkBitMap*) 0x00007ff8de7b2460
 Begin Bits: [0x000001c6579d0000, 0x000001c6599d0000)
 End Bits:   [0x000001c6599d0000, 0x000001c65b9d0000)

Polling page: 0x000001c644ce0000

Metaspace:

Usage:
  Non-class:      2.24 MB used.
      Class:    262.91 KB used.
       Both:      2.50 MB used.

Virtual space:
  Non-class space:       64.00 MB reserved,       2.31 MB (  4%) committed,  1 nodes.
      Class space:        1.00 GB reserved,     384.00 KB ( <1%) committed,  1 nodes.
             Both:        1.06 GB reserved,       2.69 MB ( <1%) committed. 

Chunk freelists:
   Non-Class:  11.65 MB
       Class:  15.67 MB
        Both:  27.32 MB

MaxMetaspaceSize: unlimited
CompressedClassSpaceSize: 1.00 GB
Initial GC threshold: 21.00 MB
Current GC threshold: 21.00 MB
CDS: on
 - commit_granule_bytes: 65536.
 - commit_granule_words: 8192.
 - virtual_space_node_default_size: 8388608.
 - enlarge_chunks_in_place: 1.
 - use_allocation_guard: 0.


Internal statistics:

num_allocs_failed_limit: 0.
num_arena_births: 80.
num_arena_deaths: 0.
num_vsnodes_births: 2.
num_vsnodes_deaths: 0.
num_space_committed: 43.
num_space_uncommitted: 0.
num_chunks_returned_to_freelist: 0.
num_chunks_taken_from_freelist: 102.
num_chunk_merges: 0.
num_chunk_splits: 72.
num_chunks_enlarged: 46.
num_inconsistent_stats: 0.

CodeHeap 'non-profiled nmethods': size=120000Kb used=262Kb max_used=262Kb free=119738Kb
 bounds [0x000001c6501f0000, 0x000001c650460000, 0x000001c657720000]
CodeHeap 'profiled nmethods': size=120000Kb used=989Kb max_used=989Kb free=119010Kb
 bounds [0x000001c648720000, 0x000001c648990000, 0x000001c64fc50000]
CodeHeap 'non-nmethods': size=5760Kb used=1178Kb max_used=1194Kb free=4581Kb
 bounds [0x000001c64fc50000, 0x000001c64fec0000, 0x000001c6501f0000]
CodeCache: size=245760Kb, used=2429Kb, max_used=2445Kb, free=243329Kb
 total_blobs=1115, nmethods=678, adapters=344, full_count=0
Compilation: enabled, stopped_count=0, restarted_count=0

Compilation events (20 events):
Event: 50.131 Thread 0x000001c65bf15c30  682       3       java.lang.invoke.LambdaForm$NamedFunction::returnType (11 bytes)
Event: 50.131 Thread 0x000001c65bf15c30 nmethod 682 0x000001c648810f10 code [0x000001c648811120, 0x000001c648811638]
Event: 50.314 Thread 0x000001c65bf15c30  683       3       sun.security.util.DerInputStream::available (10 bytes)
Event: 50.314 Thread 0x000001c65bf15c30 nmethod 683 0x000001c648811890 code [0x000001c648811a20, 0x000001c648811b30]
Event: 50.316 Thread 0x000001c65bf15c30  684       3       java.util.jar.Manifest$FastInputStream::readLine (296 bytes)
Event: 50.316 Thread 0x000001c65bf15c30 nmethod 684 0x000001c648811b90 code [0x000001c648811dc0, 0x000001c648812628]
Event: 50.316 Thread 0x000001c65bf15c30  685       3       jdk.internal.util.ArraysSupport::vectorizedHashCode (158 bytes)
Event: 50.317 Thread 0x000001c65bf03d80  686       4       java.util.Arrays::copyOfRange (25 bytes)
Event: 50.317 Thread 0x000001c65bf15c30 nmethod 685 0x000001c648812990 code [0x000001c648812ca0, 0x000001c648813c88]
Event: 50.317 Thread 0x000001c65bf15c30  687       3       java.util.Objects::checkFromIndexSize (8 bytes)
Event: 50.317 Thread 0x000001c65bf15c30 nmethod 687 0x000001c648814010 code [0x000001c6488141c0, 0x000001c6488143c8]
Event: 50.320 Thread 0x000001c65bf03d80 nmethod 686 0x000001c650230a10 code [0x000001c650230bc0, 0x000001c650231028]
Event: 50.791 Thread 0x000001c65bf15c30  689       3       java.lang.invoke.MethodTypeForm::canonicalize (59 bytes)
Event: 50.792 Thread 0x000001c65bf15c30 nmethod 689 0x000001c648814510 code [0x000001c648814700, 0x000001c6488149f8]
Event: 50.792 Thread 0x000001c65bf15c30  690       3       jdk.internal.util.ReferencedKeyMap::existingKey (32 bytes)
Event: 50.793 Thread 0x000001c65bf15c30 nmethod 690 0x000001c648814b10 code [0x000001c648814dc0, 0x000001c648815bc8]
Event: 50.794 Thread 0x000001c65bf15c30  693       3       java.lang.Integer::rotateRight (9 bytes)
Event: 50.794 Thread 0x000001c65bf15c30 nmethod 693 0x000001c648816090 code [0x000001c648816220, 0x000001c648816320]
Event: 50.794 Thread 0x000001c65bf15c30  691       3       jdk.internal.util.ReferencedKeyMap::internKey (57 bytes)
Event: 50.795 Thread 0x000001c65bf15c30 nmethod 691 0x000001c648816390 code [0x000001c648816620, 0x000001c6488172e8]

GC Heap History (0 events):
No events

Dll operation events (8 events):
Event: 8.706 Loaded shared library c:\Users\user\.vscode\extensions\redhat.java-1.49.0-win32-x64\jre\21.0.9-win32-x86_64\bin\java.dll
Event: 26.284 Loaded shared library c:\Users\user\.vscode\extensions\redhat.java-1.49.0-win32-x64\jre\21.0.9-win32-x86_64\bin\zip.dll
Event: 32.576 Loaded shared library C:\Users\user\.vscode\extensions\redhat.java-1.49.0-win32-x64\jre\21.0.9-win32-x86_64\bin\instrument.dll
Event: 33.661 Loaded shared library C:\Users\user\.vscode\extensions\redhat.java-1.49.0-win32-x64\jre\21.0.9-win32-x86_64\bin\net.dll
Event: 33.701 Loaded shared library C:\Users\user\.vscode\extensions\redhat.java-1.49.0-win32-x64\jre\21.0.9-win32-x86_64\bin\nio.dll
Event: 33.704 Loaded shared library C:\Users\user\.vscode\extensions\redhat.java-1.49.0-win32-x64\jre\21.0.9-win32-x86_64\bin\zip.dll
Event: 35.459 Loaded shared library C:\Users\user\.vscode\extensions\redhat.java-1.49.0-win32-x64\jre\21.0.9-win32-x86_64\bin\jimage.dll
Event: 41.309 Loaded shared library c:\Users\user\.vscode\extensions\redhat.java-1.49.0-win32-x64\jre\21.0.9-win32-x86_64\bin\verify.dll

Deoptimization events (20 events):
Event: 48.284 Thread 0x000001c645511300 Uncommon trap: trap_request=0xffffffde fr.pc=0x000001c65022565c relative=0x000000000000013c
Event: 48.284 Thread 0x000001c645511300 Uncommon trap: reason=class_check action=maybe_recompile pc=0x000001c65022565c method=jdk.internal.misc.Unsafe.allocateUninitializedArray(Ljava/lang/Class;I)Ljava/lang/Object; @ 51 c2
Event: 48.284 Thread 0x000001c645511300 DEOPT PACKING pc=0x000001c65022565c sp=0x000000858b8fbc70
Event: 48.284 Thread 0x000001c645511300 DEOPT UNPACKING pc=0x000001c64fca3aa2 sp=0x000000858b8fbbe8 mode 2
Event: 48.284 Thread 0x000001c645511300 Uncommon trap: trap_request=0xffffffde fr.pc=0x000001c65022565c relative=0x000000000000013c
Event: 48.284 Thread 0x000001c645511300 Uncommon trap: reason=class_check action=maybe_recompile pc=0x000001c65022565c method=jdk.internal.misc.Unsafe.allocateUninitializedArray(Ljava/lang/Class;I)Ljava/lang/Object; @ 51 c2
Event: 48.284 Thread 0x000001c645511300 DEOPT PACKING pc=0x000001c65022565c sp=0x000000858b8fbc70
Event: 48.284 Thread 0x000001c645511300 DEOPT UNPACKING pc=0x000001c64fca3aa2 sp=0x000000858b8fbbe8 mode 2
Event: 48.284 Thread 0x000001c645511300 Uncommon trap: trap_request=0xffffffde fr.pc=0x000001c65022565c relative=0x000000000000013c
Event: 48.284 Thread 0x000001c645511300 Uncommon trap: reason=class_check action=maybe_recompile pc=0x000001c65022565c method=jdk.internal.misc.Unsafe.allocateUninitializedArray(Ljava/lang/Class;I)Ljava/lang/Object; @ 51 c2
Event: 48.284 Thread 0x000001c645511300 DEOPT PACKING pc=0x000001c65022565c sp=0x000000858b8fbcb0
Event: 48.284 Thread 0x000001c645511300 DEOPT UNPACKING pc=0x000001c64fca3aa2 sp=0x000000858b8fbc28 mode 2
Event: 48.805 Thread 0x000001c645511300 Uncommon trap: trap_request=0xffffff45 fr.pc=0x000001c650220b84 relative=0x0000000000000164
Event: 48.805 Thread 0x000001c645511300 Uncommon trap: reason=unstable_if action=reinterpret pc=0x000001c650220b84 method=jdk.internal.util.ArraysSupport.vectorizedHashCode(Ljava/lang/Object;IIII)I @ 2 c2
Event: 48.805 Thread 0x000001c645511300 DEOPT PACKING pc=0x000001c650220b84 sp=0x000000858b8fce80
Event: 48.805 Thread 0x000001c645511300 DEOPT UNPACKING pc=0x000001c64fca3aa2 sp=0x000000858b8fce30 mode 2
Event: 49.555 Thread 0x000001c645511300 Uncommon trap: trap_request=0xffffff45 fr.pc=0x000001c650212884 relative=0x00000000000000e4
Event: 49.555 Thread 0x000001c645511300 Uncommon trap: reason=unstable_if action=reinterpret pc=0x000001c650212884 method=java.net.URI.match(CJJ)Z @ 45 c2
Event: 49.555 Thread 0x000001c645511300 DEOPT PACKING pc=0x000001c650212884 sp=0x000000858b8fd000
Event: 49.555 Thread 0x000001c645511300 DEOPT UNPACKING pc=0x000001c64fca3aa2 sp=0x000000858b8fcf68 mode 2

Classes loaded (20 events):
Event: 50.936 Loading class jdk/internal/icu/text/NormalizerBase$NFKDModeImpl done
Event: 50.937 Loading class jdk/internal/icu/text/NormalizerBase$ModeImpl
Event: 50.937 Loading class jdk/internal/icu/text/NormalizerBase$ModeImpl done
Event: 50.937 Loading class jdk/internal/icu/text/Normalizer2
Event: 50.937 Loading class jdk/internal/icu/text/Normalizer2 done
Event: 50.937 Loading class jdk/internal/icu/impl/Norm2AllModes
Event: 51.091 Loading class jdk/internal/icu/impl/Norm2AllModes done
Event: 51.091 Loading class jdk/internal/icu/impl/Norm2AllModes$NoopNormalizer2
Event: 51.092 Loading class jdk/internal/icu/impl/Norm2AllModes$NoopNormalizer2 done
Event: 51.092 Loading class jdk/internal/icu/impl/Norm2AllModes$NFKCSingleton
Event: 51.111 Loading class jdk/internal/icu/impl/Norm2AllModes$NFKCSingleton done
Event: 51.111 Loading class jdk/internal/icu/impl/Norm2AllModes$Norm2AllModesSingleton
Event: 51.112 Loading class jdk/internal/icu/impl/Norm2AllModes$Norm2AllModesSingleton done
Event: 51.112 Loading class jdk/internal/icu/impl/NormalizerImpl
Event: 51.115 Loading class jdk/internal/icu/impl/NormalizerImpl done
Event: 51.116 Loading class jdk/internal/icu/impl/NormalizerImpl$IsAcceptable
Event: 51.116 Loading class jdk/internal/icu/impl/ICUBinary$Authenticate
Event: 51.117 Loading class jdk/internal/icu/impl/ICUBinary$Authenticate done
Event: 51.117 Loading class jdk/internal/icu/impl/NormalizerImpl$IsAcceptable done
Event: 51.117 Loading class jdk/internal/icu/impl/ICUBinary

Classes unloaded (0 events):
No events

Classes redefined (0 events):
No events

Internal exceptions (12 events):
Event: 22.704 Thread 0x000001c645511300 Exception <a 'java/lang/NoSuchMethodError'{0x00000000d5729140}: 'void java.lang.invoke.DirectMethodHandle$Holder.invokeStatic(java.lang.Object, java.lang.Object, java.lang.Object)'> (0x00000000d5729140) 
thrown [s\src\hotspot\share\interpreter\linkResolver.cpp, line 773]
Event: 34.433 Thread 0x000001c645511300 Exception <a 'java/lang/NoSuchMethodError'{0x00000000d5912040}: 'java.lang.Object java.lang.invoke.Invokers$Holder.invokeExact_MT(java.lang.Object, java.lang.Object, java.lang.Object, java.lang.Object, java.lang.Object)'> (0x00000000d5912040) 
thrown [s\src\hotspot\share\interpreter\linkResolver.cpp, line 773]
Event: 39.351 Thread 0x000001c645511300 Exception <a 'java/lang/NoSuchMethodError'{0x00000000d59ca208}: 'int java.lang.invoke.DirectMethodHandle$Holder.invokeSpecial(java.lang.Object, java.lang.Object, java.lang.Object, int)'> (0x00000000d59ca208) 
thrown [s\src\hotspot\share\interpreter\linkResolver.cpp, line 773]
Event: 39.374 Thread 0x000001c645511300 Exception <a 'java/lang/NoSuchMethodError'{0x00000000d59dcbf0}: 'java.lang.Object java.lang.invoke.DirectMethodHandle$Holder.invokeStatic(java.lang.Object, java.lang.Object, java.lang.Object, java.lang.Object, int)'> (0x00000000d59dcbf0) 
thrown [s\src\hotspot\share\interpreter\linkResolver.cpp, line 773]
Event: 39.400 Thread 0x000001c645511300 Exception <a 'java/lang/NoSuchMethodError'{0x00000000d59e8030}: 'void java.lang.invoke.DelegatingMethodHandle$Holder.reinvoke_L(java.lang.Object, java.lang.Object, java.lang.Object, int, java.lang.Object)'> (0x00000000d59e8030) 
thrown [s\src\hotspot\share\interpreter\linkResolver.cpp, line 773]
Event: 39.410 Thread 0x000001c645511300 Exception <a 'java/lang/NoSuchMethodError'{0x00000000d59f8980}: 'int java.lang.invoke.DirectMethodHandle$Holder.invokeSpecial(java.lang.Object, java.lang.Object, java.lang.Object)'> (0x00000000d59f8980) 
thrown [s\src\hotspot\share\interpreter\linkResolver.cpp, line 773]
Event: 39.416 Thread 0x000001c645511300 Exception <a 'java/lang/NoSuchMethodError'{0x00000000d5a04640}: 'java.lang.Object java.lang.invoke.DirectMethodHandle$Holder.invokeStatic(java.lang.Object, java.lang.Object, int)'> (0x00000000d5a04640) 
thrown [s\src\hotspot\share\interpreter\linkResolver.cpp, line 773]
Event: 39.418 Thread 0x000001c645511300 Exception <a 'java/lang/NoSuchMethodError'{0x00000000d5a08f90}: 'void java.lang.invoke.DirectMethodHandle$Holder.invokeStatic(java.lang.Object, java.lang.Object, int, java.lang.Object)'> (0x00000000d5a08f90) 
thrown [s\src\hotspot\share\interpreter\linkResolver.cpp, line 773]
Event: 39.419 Thread 0x000001c645511300 Exception <a 'java/lang/NoSuchMethodError'{0x00000000d5a0cb20}: 'void java.lang.invoke.DirectMethodHandle$Holder.invokeSpecial(java.lang.Object, java.lang.Object, java.lang.Object, int, java.lang.Object)'> (0x00000000d5a0cb20) 
thrown [s\src\hotspot\share\interpreter\linkResolver.cpp, line 773]
Event: 39.419 Thread 0x000001c645511300 Exception <a 'java/lang/NoSuchMethodError'{0x00000000d5a0ff90}: 'void java.lang.invoke.DelegatingMethodHandle$Holder.delegate(java.lang.Object, java.lang.Object, int, java.lang.Object)'> (0x00000000d5a0ff90) 
thrown [s\src\hotspot\share\interpreter\linkResolver.cpp, line 773]
Event: 42.751 Thread 0x000001c645511300 Exception <a 'java/lang/NoSuchMethodError'{0x00000000d5bcede8}: 'void java.lang.invoke.DelegatingMethodHandle$Holder.reinvoke_L(java.lang.Object, java.lang.Object, java.lang.Object, int)'> (0x00000000d5bcede8) 
thrown [s\src\hotspot\share\interpreter\linkResolver.cpp, line 773]
Event: 47.763 Thread 0x000001c645511300 Exception <a 'java/lang/NoSuchMethodError'{0x00000000d605acd0}: 'void java.lang.invoke.DirectMethodHandle$Holder.invokeVirtual(java.lang.Object, java.lang.Object)'> (0x00000000d605acd0) 
thrown [s\src\hotspot\share\interpreter\linkResolver.cpp, line 773]

ZGC Phase Switch (0 events):
No events

VM Operations (20 events):
Event: 38.296 Executing VM operation: Cleanup
Event: 38.312 Executing VM operation: Cleanup done
Event: 39.327 Executing VM operation: Cleanup
Event: 39.349 Executing VM operation: Cleanup done
Event: 40.361 Executing VM operation: Cleanup
Event: 40.361 Executing VM operation: Cleanup done
Event: 43.383 Executing VM operation: Cleanup
Event: 43.383 Executing VM operation: Cleanup done
Event: 44.383 Executing VM operation: Cleanup
Event: 44.532 Executing VM operation: Cleanup done
Event: 46.547 Executing VM operation: Cleanup
Event: 46.599 Executing VM operation: Cleanup done
Event: 47.607 Executing VM operation: Cleanup
Event: 47.647 Executing VM operation: Cleanup done
Event: 48.648 Executing VM operation: Cleanup
Event: 48.664 Executing VM operation: Cleanup done
Event: 49.681 Executing VM operation: Cleanup
Event: 49.816 Executing VM operation: Cleanup done
Event: 50.831 Executing VM operation: Cleanup
Event: 50.932 Executing VM operation: Cleanup done

Memory protections (0 events):
No events

Nmethod flushes (0 events):
No events

Events (17 events):
Event: 16.919 Thread 0x000001c645511300 Thread added: 0x000001c645511300
Event: 21.190 Thread 0x000001c645511300 Thread added: 0x000001c65bef9d90
Event: 21.190 Thread 0x000001c645511300 Thread added: 0x000001c65befb5f0
Event: 21.638 Thread 0x000001c645511300 Thread added: 0x000001c65befd0d0
Event: 21.638 Thread 0x000001c645511300 Thread added: 0x000001c65beffdf0
Event: 21.638 Thread 0x000001c645511300 Thread added: 0x000001c65bf00b00
Event: 21.638 Thread 0x000001c645511300 Thread added: 0x000001c65bf02560
Event: 21.639 Thread 0x000001c645511300 Thread added: 0x000001c65bf03d80
Event: 21.639 Thread 0x000001c645511300 Thread added: 0x000001c65bf15c30
Event: 26.321 Thread 0x000001c65bf15c30 Thread added: 0x000001c65cbc02e0
Event: 32.733 Thread 0x000001c65cbc02e0 Thread exited: 0x000001c65cbc02e0
Event: 32.754 Thread 0x000001c645511300 Thread added: 0x000001c65cbc02e0
Event: 40.763 Thread 0x000001c65bf15c30 Thread added: 0x000001c65cdd7060
Event: 41.876 Thread 0x000001c65cdd7060 Thread exited: 0x000001c65cdd7060
Event: 43.718 Thread 0x000001c645511300 Thread added: 0x000001c65cde9a70
Event: 49.901 Thread 0x000001c65bf15c30 Thread added: 0x000001c65ceb47f0
Event: 50.314 Thread 0x000001c65ceb47f0 Thread exited: 0x000001c65ceb47f0


Dynamic libraries:
0x00007ff6c0890000 - 0x00007ff6c089e000 	c:\Users\user\.vscode\extensions\redhat.java-1.49.0-win32-x64\jre\21.0.9-win32-x86_64\bin\java.exe
0x00007ff939c50000 - 0x00007ff939e48000 	C:\WINDOWS\SYSTEM32\ntdll.dll
0x00007ff939750000 - 0x00007ff939812000 	C:\WINDOWS\System32\KERNEL32.DLL
0x00007ff937970000 - 0x00007ff937c66000 	C:\WINDOWS\System32\KERNELBASE.dll
0x00007ff937380000 - 0x00007ff937480000 	C:\WINDOWS\System32\ucrtbase.dll
0x00007ff923f40000 - 0x00007ff923f58000 	c:\Users\user\.vscode\extensions\redhat.java-1.49.0-win32-x64\jre\21.0.9-win32-x86_64\bin\jli.dll
0x00007ff938e10000 - 0x00007ff938fb1000 	C:\WINDOWS\System32\USER32.dll
0x00007ff937740000 - 0x00007ff937762000 	C:\WINDOWS\System32\win32u.dll
0x00007ff9237f0000 - 0x00007ff923a8b000 	C:\WINDOWS\WinSxS\amd64_microsoft.windows.common-controls_6595b64144ccf1df_6.0.19041.6456_none_60b8a6cb71f64256\COMCTL32.dll
0x00007ff938fd0000 - 0x00007ff938ffb000 	C:\WINDOWS\System32\GDI32.dll
0x00007ff938620000 - 0x00007ff9386be000 	C:\WINDOWS\System32\msvcrt.dll
0x00007ff9377a0000 - 0x00007ff9378b9000 	C:\WINDOWS\System32\gdi32full.dll
0x00007ff9372e0000 - 0x00007ff93737d000 	C:\WINDOWS\System32\msvcp_win.dll
0x00007ff923f20000 - 0x00007ff923f3e000 	c:\Users\user\.vscode\extensions\redhat.java-1.49.0-win32-x64\jre\21.0.9-win32-x86_64\bin\VCRUNTIME140.dll
0x00007ff937d10000 - 0x00007ff937d3f000 	C:\WINDOWS\System32\IMM32.DLL
0x00007ff9199b0000 - 0x00007ff9199bc000 	c:\Users\user\.vscode\extensions\redhat.java-1.49.0-win32-x64\jre\21.0.9-win32-x86_64\bin\vcruntime140_1.dll
0x00007ff903700000 - 0x00007ff90378d000 	c:\Users\user\.vscode\extensions\redhat.java-1.49.0-win32-x64\jre\21.0.9-win32-x86_64\bin\msvcp140.dll
0x00007ff8ddaf0000 - 0x00007ff8de890000 	c:\Users\user\.vscode\extensions\redhat.java-1.49.0-win32-x64\jre\21.0.9-win32-x86_64\bin\server\jvm.dll
0x00007ff9391b0000 - 0x00007ff939261000 	C:\WINDOWS\System32\ADVAPI32.dll
0x00007ff937c70000 - 0x00007ff937d0f000 	C:\WINDOWS\System32\sechost.dll
0x00007ff9398f0000 - 0x00007ff939a10000 	C:\WINDOWS\System32\RPCRT4.dll
0x00007ff937770000 - 0x00007ff937797000 	C:\WINDOWS\System32\bcrypt.dll
0x00007ff937de0000 - 0x00007ff937e4b000 	C:\WINDOWS\System32\WS2_32.dll
0x00007ff937090000 - 0x00007ff9370db000 	C:\WINDOWS\SYSTEM32\POWRPROF.dll
0x00007ff923fc0000 - 0x00007ff923fe7000 	C:\WINDOWS\SYSTEM32\WINMM.dll
0x00007ff929830000 - 0x00007ff92983a000 	C:\WINDOWS\SYSTEM32\VERSION.dll
0x00007ff937070000 - 0x00007ff937082000 	C:\WINDOWS\SYSTEM32\UMPDC.dll
0x00007ff935150000 - 0x00007ff935162000 	C:\WINDOWS\SYSTEM32\kernel.appcore.dll
0x00007ff923f60000 - 0x00007ff923f6a000 	c:\Users\user\.vscode\extensions\redhat.java-1.49.0-win32-x64\jre\21.0.9-win32-x86_64\bin\jimage.dll
0x00007ff934740000 - 0x00007ff934941000 	C:\WINDOWS\SYSTEM32\DBGHELP.DLL
0x00007ff91fc80000 - 0x00007ff91fcb4000 	C:\WINDOWS\SYSTEM32\dbgcore.DLL
0x00007ff9376b0000 - 0x00007ff937732000 	C:\WINDOWS\System32\bcryptPrimitives.dll
0x00007ff931cb0000 - 0x00007ff931cbf000 	c:\Users\user\.vscode\extensions\redhat.java-1.49.0-win32-x64\jre\21.0.9-win32-x86_64\bin\instrument.dll
0x00007ff930c00000 - 0x00007ff930c20000 	c:\Users\user\.vscode\extensions\redhat.java-1.49.0-win32-x64\jre\21.0.9-win32-x86_64\bin\java.dll
0x00007ff937e50000 - 0x00007ff9385c0000 	C:\WINDOWS\System32\SHELL32.dll
0x00007ff935350000 - 0x00007ff935af5000 	C:\WINDOWS\SYSTEM32\windows.storage.dll
0x00007ff9386c0000 - 0x00007ff938a14000 	C:\WINDOWS\System32\combase.dll
0x00007ff936ca0000 - 0x00007ff936ccb000 	C:\WINDOWS\SYSTEM32\Wldp.dll
0x00007ff939a10000 - 0x00007ff939add000 	C:\WINDOWS\System32\OLEAUT32.dll
0x00007ff939840000 - 0x00007ff9398ed000 	C:\WINDOWS\System32\SHCORE.dll
0x00007ff9396f0000 - 0x00007ff93974b000 	C:\WINDOWS\System32\shlwapi.dll
0x00007ff937210000 - 0x00007ff937234000 	C:\WINDOWS\SYSTEM32\profapi.dll
0x00007ff923f70000 - 0x00007ff923f88000 	c:\Users\user\.vscode\extensions\redhat.java-1.49.0-win32-x64\jre\21.0.9-win32-x86_64\bin\zip.dll
0x00007ff931c70000 - 0x00007ff931c80000 	C:\Users\user\.vscode\extensions\redhat.java-1.49.0-win32-x64\jre\21.0.9-win32-x86_64\bin\net.dll
0x00007ff92ab00000 - 0x00007ff92ac0a000 	C:\WINDOWS\SYSTEM32\WINHTTP.dll
0x00007ff936990000 - 0x00007ff9369fa000 	C:\WINDOWS\system32\mswsock.dll
0x00007ff919110000 - 0x00007ff919126000 	C:\Users\user\.vscode\extensions\redhat.java-1.49.0-win32-x64\jre\21.0.9-win32-x86_64\bin\nio.dll
0x00007ff931080000 - 0x00007ff931090000 	c:\Users\user\.vscode\extensions\redhat.java-1.49.0-win32-x64\jre\21.0.9-win32-x86_64\bin\verify.dll

JVMTI agents:
c:\Users\user\.vscode\extensions\redhat.java-1.49.0-win32-x64\lombok\lombok-1.18.39-4050.jar path:c:\Users\user\.vscode\extensions\redhat.java-1.49.0-win32-x64\jre\21.0.9-win32-x86_64\bin\instrument.dll, loaded, initialized, instrumentlib options:none

dbghelp: loaded successfully - version: 4.0.5 - missing functions: none
symbol engine: initialized successfully - sym options: 0x614 - pdb path: .;c:\Users\user\.vscode\extensions\redhat.java-1.49.0-win32-x64\jre\21.0.9-win32-x86_64\bin;C:\WINDOWS\SYSTEM32;C:\WINDOWS\WinSxS\amd64_microsoft.windows.common-controls_6595b64144ccf1df_6.0.19041.6456_none_60b8a6cb71f64256;c:\Users\user\.vscode\extensions\redhat.java-1.49.0-win32-x64\jre\21.0.9-win32-x86_64\bin\server

VM Arguments:
jvm_args: --add-modules=ALL-SYSTEM --add-opens=java.base/java.util=ALL-UNNAMED --add-opens=java.base/java.lang=ALL-UNNAMED --add-opens=java.base/sun.nio.fs=ALL-UNNAMED -Declipse.application=org.eclipse.jdt.ls.core.id1 -Dosgi.bundles.defaultStartLevel=4 -Declipse.product=org.eclipse.jdt.ls.core.product -Djava.import.generatesMetadataFilesAtProjectRoot=false -DDetectVMInstallationsJob.disabled=true -Dfile.encoding=utf8 -XX:+UseParallelGC -XX:GCTimeRatio=4 -XX:AdaptiveSizePolicyWeight=90 -Dsun.zip.disableMemoryMapping=true -Xmx2G -Xms100m -Xlog:disable -javaagent:c:\Users\user\.vscode\extensions\redhat.java-1.49.0-win32-x64\lombok\lombok-1.18.39-4050.jar 
java_command: c:\Users\user\.vscode\extensions\redhat.java-1.49.0-win32-x64\server\plugins\org.eclipse.equinox.launcher_1.7.100.v20251111-0406.jar -configuration c:\Users\user\AppData\Roaming\Code\User\globalStorage\redhat.java\1.49.0\config_ss_win -data c:\Users\user\AppData\Roaming\Code\User\workspaceStorage\450a198416a22b53fea947bb5520bc25\redhat.java\ss_ws --pipe=\\.\pipe\lsp-d361edbccdc1b3b42735cd98ce642a2d-sock
java_class_path (initial): c:\Users\user\.vscode\extensions\redhat.java-1.49.0-win32-x64\server\plugins\org.eclipse.equinox.launcher_1.7.100.v20251111-0406.jar
Launcher Type: SUN_STANDARD

[Global flags]
    uintx AdaptiveSizePolicyWeight                 = 90                                        {product} {command line}
     intx CICompilerCount                          = 3                                         {product} {ergonomic}
    uintx GCTimeRatio                              = 4                                         {product} {command line}
   size_t InitialHeapSize                          = 104857600                                 {product} {command line}
   size_t MaxHeapSize                              = 2147483648                                {product} {command line}
   size_t MaxNewSize                               = 715653120                                 {product} {ergonomic}
   size_t MinHeapDeltaBytes                        = 524288                                    {product} {ergonomic}
   size_t MinHeapSize                              = 104857600                                 {product} {command line}
   size_t NewSize                                  = 34603008                                  {product} {ergonomic}
    uintx NonNMethodCodeHeapSize                   = 5832780                                {pd product} {ergonomic}
    uintx NonProfiledCodeHeapSize                  = 122912730                              {pd product} {ergonomic}
   size_t OldSize                                  = 70254592                                  {product} {ergonomic}
    uintx ProfiledCodeHeapSize                     = 122912730                              {pd product} {ergonomic}
    uintx ReservedCodeCacheSize                    = 251658240                              {pd product} {ergonomic}
     bool SegmentedCodeCache                       = true                                      {product} {ergonomic}
   size_t SoftMaxHeapSize                          = 2147483648                             {manageable} {ergonomic}
     bool UseCompressedOops                        = true                           {product lp64_product} {ergonomic}
     bool UseLargePagesIndividualAllocation        = false                                  {pd product} {ergonomic}
     bool UseParallelGC                            = true                                      {product} {command line}

Logging:
Log output configuration:
 #0: stdout all=off uptime,level,tags foldmultilines=false
 #1: stderr all=off uptime,level,tags foldmultilines=false

Release file:
JAVA_VERSION="21.0.9" 
MODULES="java.base java.compiler java.datatransfer java.xml java.prefs java.desktop java.instrument java.logging java.management java.security.sasl java.naming java.rmi java.management.rmi java.net.http java.scripting java.security.jgss java.transaction.xa java.sql java.sql.rowset java.xml.crypto java.se java.smartcardio jdk.accessibility jdk.internal.jvmstat jdk.attach jdk.charsets jdk.internal.opt jdk.zipfs jdk.compiler jdk.crypto.ec jdk.crypto.cryptoki jdk.crypto.mscapi jdk.dynalink jdk.internal.ed jdk.editpad jdk.hotspot.agent jdk.httpserver jdk.internal.le jdk.internal.vm.ci jdk.internal.vm.compiler jdk.internal.vm.compiler.management jdk.jartool jdk.javadoc jdk.jcmd jdk.management jdk.management.agent jdk.jconsole jdk.jdeps jdk.jdwp.agent jdk.jdi jdk.jfr jdk.jshell jdk.jsobject jdk.jstatd jdk.localedata jdk.management.jfr jdk.naming.dns jdk.naming.rmi jdk.net jdk.nio.mapmode jdk.random jdk.sctp jdk.security.auth jdk.security.jgss jdk.unsupported jdk.unsupported.desktop jdk.xml.dom" 

Environment Variables:
JAVA_HOME=C:\Program Files\Java\jdk-18.0.1.1
PATH=C:\oraclexe\app\oracle\product\11.2.0\server\bin;C:\WINDOWS\system32;C:\WINDOWS;C:\WINDOWS\system32\Wbem;C:\Program Files (x86)\Common Files\Oracle\Java\javapath;C:\oraclexe\app\oracle\product\11.2.0\server\bin;C:\WINDOWS\system32;C:\WINDOWS;C:\WINDOWS\System32\Wbem;C:\WINDOWS\System32\WindowsPowerShell\v1.0\;C:\WINDOWS\System32\OpenSSH\;C:\Program Files\dotnet\;C:\Program Files\Microsoft SQL Server\130\Tools\Binn\;C:\Program Files\Microsoft SQL Server\Client SDK\ODBC\170\Tools\Binn\;C:\Program Files\Java\jdk-18.0.1.1\bin;C:\ProgramData\chocolatey\bin;C:\Python310;C:\Program Files (x86)\dotnet\;C:\Program Files\PuTTY\;C:\WINDOWS\System32\WindowsPowerShell\v1.0\;C:\WINDOWS\System32\OpenSSH\;C:\Program Files\GitHub CLI\;C:\Program Files\Git\cmd;D:\laravel\php;C:\ProgramData\ComposerSetup\bin;C:\WINDOWS\System32\Wbem;C:\Program Files\nodejs\;C:\Program Files\MySQL\MySQL Shell 8.0\bin\;C:\Users\user\AppData\Local\Programs\Python\Python310\Scripts\;C:\Users\user\AppData\Local\Programs\Python\Python310\;C:\Users\user\AppData\Local\Microsoft\WindowsApps;C:\Users\user\.dotnet\tools;C:\Users\user\AppData\Roaming\Microsoft\Windows\Start Menu\Programs\Python 3.10;C:\src\flutter\bin;C:\Users\user\AppData\Roaming\Composer\vendor\bin;C:\Users\user\AppData\Local\Programs\Microsoft VS Code\bin;D:\laravel\php;C:\Program Files\nmap-7.94;C:\Program Files\PostgreSQL\14;C:\Program Files\PostgreSQL\14;C:\Users\user\AppData\Roaming\npm
USERNAME=user
OS=Windows_NT
PROCESSOR_IDENTIFIER=Intel64 Family 6 Model 142 Stepping 9, GenuineIntel
TMP=C:\Users\user\AppData\Local\Temp
TEMP=C:\Users\user\AppData\Local\Temp




Periodic native trim disabled

---------------  S Y S T E M  ---------------

OS:
 Windows 10 , 64 bit Build 19041 (10.0.19041.5915)
OS uptime: 0 days 7:17 hours

CPU: total 4 (initial active 4) (2 cores per cpu, 2 threads per core) family 6 model 142 stepping 9 microcode 0xb4, cx8, cmov, fxsr, ht, mmx, 3dnowpref, sse, sse2, sse3, ssse3, sse4.1, sse4.2, popcnt, lzcnt, tsc, tscinvbit, avx, avx2, aes, erms, clmul, bmi1, bmi2, adx, fma, vzeroupper, clflush, clflushopt, rdtscp, f16c
Processor Information for the first 4 processors :
  Max Mhz: 2904, Current Mhz: 2703, Mhz Limit: 2700

Memory: 4k page, system-wide physical 8109M (1856M free)
TotalPageFile size 8109M (AvailPageFile size 434M)
current process WorkingSet (physical memory assigned to process): 53M, peak: 53M
current process commit charge ("private bytes"): 214M, peak: 215M

vm_info: OpenJDK 64-Bit Server VM (21.0.9+10-LTS) for windows-amd64 JRE (21.0.9+10-LTS), built on 2025-10-21T00:00:00Z by "admin" with unknown MS VC++:1942

END.
