#
# There is insufficient memory for the Java Runtime Environment to continue.
# Native memory allocation (mmap) failed to map 65536 bytes. Error detail: Failed to commit metaspace.
# Possible reasons:
#   The system is out of physical RAM or swap space
#   This process is running with CompressedOops enabled, and the Java Heap may be blocking the growth of the native heap
# Possible solutions:
#   Reduce memory load on the system
#   Increase physical memory or swap space
#   Check if swap backing store is full
#   Decrease Java heap size (-Xmx/-Xms)
#   Decrease number of Java threads
#   Decrease Java thread stack sizes (-Xss)
#   Set larger code cache with -XX:ReservedCodeCacheSize=
#   JVM is running with Unscaled Compressed Oops mode in which the Java heap is
#     placed in the first 4GB address space. The Java Heap base address is the
#     maximum limit for the native heap growth. Please use -XX:HeapBaseMinAddress
#     to set the Java Heap base and to place the Java Heap above 4GB virtual address.
# This output file may be truncated or incomplete.
#
#  Out of Memory Error (virtualSpaceNode.cpp:113), pid=10108, tid=9924
#
# JRE version: OpenJDK Runtime Environment Temurin-21.0.9+10 (21.0.9+10) (build 21.0.9+10-LTS)
# Java VM: OpenJDK 64-Bit Server VM Temurin-21.0.9+10 (21.0.9+10-LTS, mixed mode, sharing, tiered, compressed oops, compressed class ptrs, parallel gc, windows-amd64)
# No core dump will be written. Minidumps are not enabled by default on client versions of Windows
#

---------------  S U M M A R Y ------------

Command Line: --add-modules=ALL-SYSTEM --add-opens=java.base/java.util=ALL-UNNAMED --add-opens=java.base/java.lang=ALL-UNNAMED --add-opens=java.base/sun.nio.fs=ALL-UNNAMED -Declipse.application=org.eclipse.jdt.ls.core.id1 -Dosgi.bundles.defaultStartLevel=4 -Declipse.product=org.eclipse.jdt.ls.core.product -Djava.import.generatesMetadataFilesAtProjectRoot=false -DDetectVMInstallationsJob.disabled=true -Dfile.encoding=utf8 -XX:+UseParallelGC -XX:GCTimeRatio=4 -XX:AdaptiveSizePolicyWeight=90 -Dsun.zip.disableMemoryMapping=true -Xmx2G -Xms100m -Xlog:disable -javaagent:c:\Users\user\.vscode\extensions\redhat.java-1.49.0-win32-x64\lombok\lombok-1.18.39-4050.jar -XX:+HeapDumpOnOutOfMemoryError -XX:HeapDumpPath=c:\Users\user\AppData\Roaming\Code\User\workspaceStorage\450a198416a22b53fea947bb5520bc25\redhat.java -Daether.dependencyCollector.impl=bf c:\Users\user\.vscode\extensions\redhat.java-1.49.0-win32-x64\server\plugins\org.eclipse.equinox.launcher_1.7.100.v20251111-0406.jar -configuration c:\Users\user\AppData\Roaming\Code\User\globalStorage\redhat.java\1.49.0\config_win -data c:\Users\user\AppData\Roaming\Code\User\workspaceStorage\450a198416a22b53fea947bb5520bc25\redhat.java\jdt_ws --pipe=\\.\pipe\lsp-5cde2aa9b3d88ef17a9798c133210462-sock

Host: Intel(R) Core(TM) i7-7500U CPU @ 2.70GHz, 4 cores, 7G,  Windows 10 , 64 bit Build 19041 (10.0.19041.5915)
Time: Thu Nov 20 16:53:30 2025 E. Africa Standard Time elapsed time: 52.020957 seconds (0d 0h 0m 52s)

---------------  T H R E A D  ---------------

Current thread (0x000001a4094032e0):  JavaThread "main"             [_thread_in_vm, id=9924, stack(0x0000006270000000,0x0000006270100000) (1024K)]

Stack: [0x0000006270000000,0x0000006270100000]
Native frames: (J=compiled Java code, j=interpreted, Vv=VM code, C=native code)
V  [jvm.dll+0x6d6e29]
V  [jvm.dll+0x8b4b76]
V  [jvm.dll+0x8b712e]
V  [jvm.dll+0x8b7813]
V  [jvm.dll+0x283d86]
V  [jvm.dll+0x8b08be]
V  [jvm.dll+0x678824]
V  [jvm.dll+0x67888a]
V  [jvm.dll+0x67b086]
V  [jvm.dll+0x67af52]
V  [jvm.dll+0x6791fe]
V  [jvm.dll+0x280c57]
V  [jvm.dll+0x72d13f]
V  [jvm.dll+0x72dc7f]
V  [jvm.dll+0x3cbed1]
V  [jvm.dll+0x3caca7]
V  [jvm.dll+0x3cac48]
V  [jvm.dll+0x5dcc86]
V  [jvm.dll+0x5dbbf4]
V  [jvm.dll+0x3e03f2]
V  [jvm.dll+0x3dfaaa]
C  0x000001a413b58080

The last pc belongs to invokestatic (printed below).
Java frames: (J=compiled Java code, j=interpreted, Vv=VM code)
j  sun.security.util.SignatureFileVerifier.verifyManifestHash(Ljava/util/jar/Manifest;Lsun/security/util/ManifestDigester;Ljava/util/List;)Z+158 java.base@21.0.9
j  sun.security.util.SignatureFileVerifier.processImpl(Ljava/util/Hashtable;Ljava/util/List;Ljava/lang/String;)V+240 java.base@21.0.9
j  sun.security.util.SignatureFileVerifier.process(Ljava/util/Hashtable;Ljava/util/List;Ljava/lang/String;)V+12 java.base@21.0.9
j  java.util.jar.JarVerifier.processEntry(Lsun/security/util/ManifestEntryVerifier;)V+397 java.base@21.0.9
j  java.util.jar.JarVerifier.update(I[BIILsun/security/util/ManifestEntryVerifier;)V+39 java.base@21.0.9
j  java.util.jar.JarFile.initializeVerifier()V+164 java.base@21.0.9
j  java.util.jar.JarFile.ensureInitialization()V+36 java.base@21.0.9
j  java.util.jar.JavaUtilJarAccessImpl.ensureInitialization(Ljava/util/jar/JarFile;)V+1 java.base@21.0.9
j  jdk.internal.loader.URLClassPath$JarLoader$2.getManifest()Ljava/util/jar/Manifest;+10 java.base@21.0.9
j  jdk.internal.loader.BuiltinClassLoader.defineClass(Ljava/lang/String;Ljdk/internal/loader/Resource;)Ljava/lang/Class;+29 java.base@21.0.9
j  jdk.internal.loader.BuiltinClassLoader.findClassOnClassPathOrNull(Ljava/lang/String;)Ljava/lang/Class;+37 java.base@21.0.9
j  jdk.internal.loader.BuiltinClassLoader.loadClassOrNull(Ljava/lang/String;Z)Ljava/lang/Class;+111 java.base@21.0.9
j  jdk.internal.loader.BuiltinClassLoader.loadClass(Ljava/lang/String;Z)Ljava/lang/Class;+3 java.base@21.0.9
j  jdk.internal.loader.ClassLoaders$AppClassLoader.loadClass(Ljava/lang/String;Z)Ljava/lang/Class;+36 java.base@21.0.9
j  java.lang.ClassLoader.loadClass(Ljava/lang/String;)Ljava/lang/Class;+3 java.base@21.0.9
v  ~StubRoutines::call_stub 0x000001a413b4100d
j  java.lang.Class.forName0(Ljava/lang/String;ZLjava/lang/ClassLoader;Ljava/lang/Class;)Ljava/lang/Class;+0 java.base@21.0.9
j  java.lang.Class.forName(Ljava/lang/String;ZLjava/lang/ClassLoader;Ljava/lang/Class;)Ljava/lang/Class;+37 java.base@21.0.9
j  java.lang.Class.forName(Ljava/lang/String;ZLjava/lang/ClassLoader;)Ljava/lang/Class;+20 java.base@21.0.9
j  sun.launcher.LauncherHelper.loadMainClass(ILjava/lang/String;)Ljava/lang/Class;+95 java.base@21.0.9
j  sun.launcher.LauncherHelper.checkAndLoadMain(ZILjava/lang/String;)Ljava/lang/Class;+42 java.base@21.0.9
v  ~StubRoutines::call_stub 0x000001a413b4100d
invokestatic  184 invokestatic  [0x000001a413b57fe0, 0x000001a413b582a8]  712 bytes
[MachCode]
  0x000001a413b57fe0: 4883 ec08 | c5fa 1104 | 24eb 1f48 | 83ec 10c5 | fb11 0424 | eb14 4883 | ec10 4889 | 0424 48c7 
  0x000001a413b58000: 4424 0800 | 0000 00eb | 0150 4c89 | 6dc0 410f | b755 0148 | 8b4d d0c1 | e202 8b5c | d138 c1eb 
  0x000001a413b58020: 1081 e3ff | 0000 0081 | fbb8 0000 | 000f 84b4 | 0000 00bb | b800 0000 | e805 0000 | 00e9 9900 
  0x000001a413b58040: 0000 488b | d348 8d44 | 2408 4c89 | 6dc0 498b | cfc5 f877 | 4989 afa8 | 0300 0049 | 8987 9803 
  0x000001a413b58060: 0000 4883 | ec20 40f6 | c40f 0f84 | 1900 0000 | 4883 ec08 | 48b8 40fa | ecdd f87f | 0000 ffd0 
  0x000001a413b58080: 4883 c408 | e90c 0000 | 0048 b840 | faec ddf8 | 7f00 00ff | d048 83c4 | 2049 c787 | 9803 0000 
  0x000001a413b580a0: 0000 0000 | 49c7 87a8 | 0300 0000 | 0000 0049 | c787 a003 | 0000 0000 | 0000 c5f8 | 7749 837f 
  0x000001a413b580c0: 0800 0f84 | 0500 0000 | e933 8efe | ff4c 8b6d | c04c 8b75 | c84e 8d74 | f500 c341 | 0fb7 5501 
  0x000001a413b580e0: 488b 4dd0 | c1e2 0248 | 8b5c d140 | 488b 5b08 | 488b 5b08 | 488b 5b18 | 80bb 3101 | 0000 040f 
  0x000001a413b58100: 840d 0000 | 004c 3bbb | 3801 0000 | 0f85 21ff | ffff 488b | 5cd1 408b | 54d1 50c1 | ea1c 49ba 
  0x000001a413b58120: 40d4 7bde | f87f 0000 | 498b 14d2 | 5248 8b45 | d848 85c0 | 0f84 1200 | 0000 4883 | 4008 0148 
  0x000001a413b58140: 8358 0800 | 4883 c010 | 4889 45d8 | 488b 45d8 | 4885 c00f | 843d 0100 | 0080 78f0 | 0a0f 8533 
  0x000001a413b58160: 0100 0048 | 83c0 084c | 8b68 f841 | 83ed 0041 | 83fd 020f | 8c12 0100 | 004c 8b6b | 0845 0fb7 
  0x000001a413b58180: 6d2e 4c2b | 2841 83ed | 014e 8b6c | ec08 4d85 | ed75 0ef6 | 4008 0175 | 58f0 4883 | 4808 01eb 
  0x000001a413b581a0: 5045 8b6d | 0849 ba00 | 0000 20a4 | 0100 004d | 03ea 4d8b | d54c 3368 | 0849 f7c5 | fcff ffff 
  0x000001a413b581c0: 742f 41f6 | c502 7529 | 4883 7808 | 0074 1e48 | 8378 0801 | 7417 4d8b | ea4c 3368 | 0849 f7c5 
  0x000001a413b581e0: fcff ffff | 740b 4883 | 4808 02eb | 044c 8968 | 0848 83c0 | 104c 8b68 | e841 83ed | 0241 83fd 
  0x000001a413b58200: 020f 8c84 | 0000 004c | 8b6b 0845 | 0fb7 6d2e | 4c2b 2841 | 83ed 014e | 8b6c ec08 | 4d85 ed75 
  0x000001a413b58220: 0ef6 4008 | 0175 58f0 | 4883 4808 | 01eb 5045 | 8b6d 0849 | ba00 0000 | 20a4 0100 | 004d 03ea 
  0x000001a413b58240: 4d8b d54c | 3368 0849 | f7c5 fcff | ffff 742f | 41f6 c502 | 7529 4883 | 7808 0074 | 1e48 8378 
  0x000001a413b58260: 0801 7417 | 4d8b ea4c | 3368 0849 | f7c5 fcff | ffff 740b | 4883 4808 | 02eb 044c | 8968 0848 
  0x000001a413b58280: 83c0 104c | 8b68 d841 | 83ed 0441 | c1e5 0349 | 03c5 4889 | 45d8 4c8d | 6c24 084c | 896d f0ff 
  0x000001a413b582a0: 6350 660f | 1f44 0000 
[/MachCode]

---------------  P R O C E S S  ---------------

Threads class SMR info:
_java_thread_list=0x000001a461c0bd80, length=11, elements={
0x000001a4094032e0, 0x000001a4092ecea0, 0x000001a4092ee440, 0x000001a4092f1d10,
0x000001a4092f2960, 0x000001a4092f35b0, 0x000001a4092f6010, 0x000001a4092f6e40,
0x000001a409308820, 0x000001a461a46160, 0x000001a461bf4ff0
}

Java Threads: ( => current thread )
=>0x000001a4094032e0 JavaThread "main"                              [_thread_in_vm, id=9924, stack(0x0000006270000000,0x0000006270100000) (1024K)]
  0x000001a4092ecea0 JavaThread "Reference Handler"          daemon [_thread_blocked, id=8356, stack(0x0000006270400000,0x0000006270500000) (1024K)]
  0x000001a4092ee440 JavaThread "Finalizer"                  daemon [_thread_blocked, id=12712, stack(0x0000006270500000,0x0000006270600000) (1024K)]
  0x000001a4092f1d10 JavaThread "Signal Dispatcher"          daemon [_thread_blocked, id=8620, stack(0x0000006270600000,0x0000006270700000) (1024K)]
  0x000001a4092f2960 JavaThread "Attach Listener"            daemon [_thread_blocked, id=3308, stack(0x0000006270700000,0x0000006270800000) (1024K)]
  0x000001a4092f35b0 JavaThread "Service Thread"             daemon [_thread_blocked, id=680, stack(0x0000006270800000,0x0000006270900000) (1024K)]
  0x000001a4092f6010 JavaThread "Monitor Deflation Thread"   daemon [_thread_blocked, id=8796, stack(0x0000006270900000,0x0000006270a00000) (1024K)]
  0x000001a4092f6e40 JavaThread "C2 CompilerThread0"         daemon [_thread_in_native, id=13092, stack(0x0000006270a00000,0x0000006270b00000) (1024K)]
  0x000001a409308820 JavaThread "C1 CompilerThread0"         daemon [_thread_blocked, id=4548, stack(0x0000006270b00000,0x0000006270c00000) (1024K)]
  0x000001a461a46160 JavaThread "Common-Cleaner"             daemon [_thread_blocked, id=12808, stack(0x000000626ff00000,0x0000006270000000) (1024K)]
  0x000001a461bf4ff0 JavaThread "Notification Thread"        daemon [_thread_blocked, id=12716, stack(0x0000006270c00000,0x0000006270d00000) (1024K)]
Total: 11

Other Threads:
  0x000001a4094c0110 VMThread "VM Thread"                           [id=13020, stack(0x0000006270300000,0x0000006270400000) (1024K)] _threads_hazard_ptr=0x000001a461c0bd80
  0x000001a40946c720 WatcherThread "VM Periodic Task Thread"        [id=5516, stack(0x0000006270200000,0x0000006270300000) (1024K)]
  0x000001a409421e70 WorkerThread "GC Thread#0"                     [id=11008, stack(0x0000006270100000,0x0000006270200000) (1024K)]
Total: 3

Threads with active compile tasks:
C2 CompilerThread0  55898  744       4       lombok.patcher.scripts.MethodLevelPatchScript::patch (21 bytes)
Total: 1

VM state: synchronizing (normal execution)

VM Mutex/Monitor currently owned by a thread:  ([mutex/lock_event])
[0x00007ff8de7ab4f0] Metaspace_lock - owner thread: 0x000001a4094032e0
[0x00007ff8de7ad570] Threads_lock - owner thread: 0x000001a4094c0110

Heap address: 0x0000000080000000, size: 2048 MB, Compressed Oops mode: 32-bit

CDS archive(s) mapped at: [0x000001a420000000-0x000001a420ba0000-0x000001a420ba0000), size 12189696, SharedBaseAddress: 0x000001a420000000, ArchiveRelocationMode: 1.
Compressed class space mapped at: 0x000001a421000000-0x000001a461000000, reserved size: 1073741824
Narrow klass base: 0x000001a420000000, Narrow klass shift: 0, Narrow klass range: 0x100000000

GC Precious Log:
 CardTable entry size: 512
 CPUs: 4 total, 4 available
 Memory: 8109M
 Large Page Support: Disabled
 NUMA Support: Disabled
 Compressed Oops: Enabled (32-bit)
 Alignments: Space 512K, Generation 512K, Heap 2M
 Heap Min Capacity: 100M
 Heap Initial Capacity: 100M
 Heap Max Capacity: 2G
 Pre-touch: Disabled
 Parallel Workers: 4

Heap:
 PSYoungGen      total 29696K, used 14490K [0x00000000d5580000, 0x00000000d7680000, 0x0000000100000000)
  eden space 25600K, 56% used [0x00000000d5580000,0x00000000d63a6b68,0x00000000d6e80000)
  from space 4096K, 0% used [0x00000000d7280000,0x00000000d7280000,0x00000000d7680000)
  to   space 4096K, 0% used [0x00000000d6e80000,0x00000000d6e80000,0x00000000d7280000)
 ParOldGen       total 68608K, used 0K [0x0000000080000000, 0x0000000084300000, 0x00000000d5580000)
  object space 68608K, 0% used [0x0000000080000000,0x0000000080000000,0x0000000084300000)
 Metaspace       used 2848K, committed 3008K, reserved 1114112K
  class space    used 296K, committed 384K, reserved 1048576K

Card table byte_map: [0x000001a408db0000,0x000001a4091c0000] _byte_map_base: 0x000001a4089b0000

Marking Bits: (ParMarkBitMap*) 0x00007ff8de7b2460
 Begin Bits: [0x000001a41b8c0000, 0x000001a41d8c0000)
 End Bits:   [0x000001a41d8c0000, 0x000001a41f8c0000)

Polling page: 0x000001a407240000

Metaspace:

Usage:
  Non-class:      2.49 MB used.
      Class:    296.76 KB used.
       Both:      2.78 MB used.

Virtual space:
  Non-class space:       64.00 MB reserved,       2.56 MB (  4%) committed,  1 nodes.
      Class space:        1.00 GB reserved,     384.00 KB ( <1%) committed,  1 nodes.
             Both:        1.06 GB reserved,       2.94 MB ( <1%) committed. 

Chunk freelists:
   Non-Class:  11.65 MB
       Class:  15.67 MB
        Both:  27.32 MB

MaxMetaspaceSize: unlimited
CompressedClassSpaceSize: 1.00 GB
Initial GC threshold: 21.00 MB
Current GC threshold: 21.00 MB
CDS: on
 - commit_granule_bytes: 65536.
 - commit_granule_words: 8192.
 - virtual_space_node_default_size: 8388608.
 - enlarge_chunks_in_place: 1.
 - use_allocation_guard: 0.


Internal statistics:

num_allocs_failed_limit: 0.
num_arena_births: 82.
num_arena_deaths: 0.
num_vsnodes_births: 2.
num_vsnodes_deaths: 0.
num_space_committed: 47.
num_space_uncommitted: 0.
num_chunks_returned_to_freelist: 0.
num_chunks_taken_from_freelist: 104.
num_chunk_merges: 0.
num_chunk_splits: 73.
num_chunks_enlarged: 47.
num_inconsistent_stats: 0.

CodeHeap 'non-profiled nmethods': size=120000Kb used=276Kb max_used=276Kb free=119723Kb
 bounds [0x000001a4140e0000, 0x000001a414350000, 0x000001a41b610000]
CodeHeap 'profiled nmethods': size=120000Kb used=1088Kb max_used=1088Kb free=118911Kb
 bounds [0x000001a40c610000, 0x000001a40c880000, 0x000001a413b40000]
CodeHeap 'non-nmethods': size=5760Kb used=1182Kb max_used=1195Kb free=4578Kb
 bounds [0x000001a413b40000, 0x000001a413db0000, 0x000001a4140e0000]
CodeCache: size=245760Kb, used=2546Kb, max_used=2559Kb, free=243212Kb
 total_blobs=1166, nmethods=725, adapters=348, full_count=0
Compilation: enabled, stopped_count=0, restarted_count=0

Compilation events (20 events):
Event: 51.882 Thread 0x000001a409308820 nmethod 733 0x000001a40c717410 code [0x000001a40c717600, 0x000001a40c717d30]
Event: 51.882 Thread 0x000001a409308820  735       3       java.lang.invoke.VarForm::getMemberName (31 bytes)
Event: 51.882 Thread 0x000001a409308820 nmethod 735 0x000001a40c717f90 code [0x000001a40c718160, 0x000001a40c7183f0]
Event: 51.882 Thread 0x000001a409308820  736       3       java.math.MutableBigInteger::unsignedLongCompare (20 bytes)
Event: 51.882 Thread 0x000001a409308820 nmethod 736 0x000001a40c718510 code [0x000001a40c7186a0, 0x000001a40c718810]
Event: 51.883 Thread 0x000001a4092f6e40  737       4       java.math.BigInteger::mulAdd (19 bytes)
Event: 51.884 Thread 0x000001a4092f6e40 nmethod 737 0x000001a414124010 code [0x000001a4141241a0, 0x000001a414124360]
Event: 51.884 Thread 0x000001a4092f6e40  738       4       java.math.BigInteger::implMulAddCheck (176 bytes)
Event: 51.885 Thread 0x000001a4092f6e40 nmethod 738 0x000001a414124510 code [0x000001a4141246a0, 0x000001a4141247e0]
Event: 51.885 Thread 0x000001a4092f6e40  739       4       java.math.BigInteger::addOne (77 bytes)
Event: 51.887 Thread 0x000001a4092f6e40 nmethod 739 0x000001a414124910 code [0x000001a414124aa0, 0x000001a414124c20]
Event: 51.887 Thread 0x000001a4092f6e40  740       4       java.lang.AbstractStringBuilder::isLatin1 (19 bytes)
Event: 51.887 Thread 0x000001a4092f6e40 nmethod 740 0x000001a414124d90 code [0x000001a414124f20, 0x000001a414124fd0]
Event: 51.887 Thread 0x000001a409308820  741   !   3       java.lang.String::<init> (890 bytes)
Event: 51.892 Thread 0x000001a409308820 nmethod 741 0x000001a40c718890 code [0x000001a40c719100, 0x000001a40c71e110]
Event: 51.892 Thread 0x000001a409308820  743       3       jdk.internal.util.ArraysSupport::hashCode (33 bytes)
Event: 51.892 Thread 0x000001a409308820 nmethod 743 0x000001a40c71fb90 code [0x000001a40c71fd40, 0x000001a40c71ff08]
Event: 51.892 Thread 0x000001a409308820  742       3       java.lang.StringBuilder::<init> (6 bytes)
Event: 51.892 Thread 0x000001a409308820 nmethod 742 0x000001a40c720010 code [0x000001a40c7201c0, 0x000001a40c7202f8]
Event: 52.018 Thread 0x000001a4092f6e40  744       4       lombok.patcher.scripts.MethodLevelPatchScript::patch (21 bytes)

GC Heap History (0 events):
No events

Dll operation events (8 events):
Event: 8.706 Loaded shared library c:\Users\user\.vscode\extensions\redhat.java-1.49.0-win32-x64\jre\21.0.9-win32-x86_64\bin\java.dll
Event: 31.386 Loaded shared library c:\Users\user\.vscode\extensions\redhat.java-1.49.0-win32-x64\jre\21.0.9-win32-x86_64\bin\zip.dll
Event: 32.575 Loaded shared library C:\Users\user\.vscode\extensions\redhat.java-1.49.0-win32-x64\jre\21.0.9-win32-x86_64\bin\instrument.dll
Event: 33.636 Loaded shared library C:\Users\user\.vscode\extensions\redhat.java-1.49.0-win32-x64\jre\21.0.9-win32-x86_64\bin\net.dll
Event: 33.701 Loaded shared library C:\Users\user\.vscode\extensions\redhat.java-1.49.0-win32-x64\jre\21.0.9-win32-x86_64\bin\nio.dll
Event: 33.704 Loaded shared library C:\Users\user\.vscode\extensions\redhat.java-1.49.0-win32-x64\jre\21.0.9-win32-x86_64\bin\zip.dll
Event: 35.401 Loaded shared library C:\Users\user\.vscode\extensions\redhat.java-1.49.0-win32-x64\jre\21.0.9-win32-x86_64\bin\jimage.dll
Event: 41.310 Loaded shared library c:\Users\user\.vscode\extensions\redhat.java-1.49.0-win32-x64\jre\21.0.9-win32-x86_64\bin\verify.dll

Deoptimization events (20 events):
Event: 51.824 Thread 0x000001a4094032e0 DEOPT PACKING pc=0x000001a40c70d184 sp=0x00000062700fd250
Event: 51.824 Thread 0x000001a4094032e0 DEOPT UNPACKING pc=0x000001a413b94242 sp=0x00000062700fc6a8 mode 0
Event: 51.824 Thread 0x000001a4094032e0 DEOPT PACKING pc=0x000001a40c70d184 sp=0x00000062700fd250
Event: 51.824 Thread 0x000001a4094032e0 DEOPT UNPACKING pc=0x000001a413b94242 sp=0x00000062700fc6a8 mode 0
Event: 51.824 Thread 0x000001a4094032e0 DEOPT PACKING pc=0x000001a40c70d184 sp=0x00000062700fd1d0
Event: 51.824 Thread 0x000001a4094032e0 DEOPT UNPACKING pc=0x000001a413b94242 sp=0x00000062700fc628 mode 0
Event: 51.825 Thread 0x000001a4094032e0 DEOPT PACKING pc=0x000001a40c70d184 sp=0x00000062700fd250
Event: 51.825 Thread 0x000001a4094032e0 DEOPT UNPACKING pc=0x000001a413b94242 sp=0x00000062700fc6a8 mode 0
Event: 51.825 Thread 0x000001a4094032e0 DEOPT PACKING pc=0x000001a40c70d184 sp=0x00000062700fd250
Event: 51.825 Thread 0x000001a4094032e0 DEOPT UNPACKING pc=0x000001a413b94242 sp=0x00000062700fc6a8 mode 0
Event: 51.825 Thread 0x000001a4094032e0 DEOPT PACKING pc=0x000001a40c70d184 sp=0x00000062700fd1d0
Event: 51.825 Thread 0x000001a4094032e0 DEOPT UNPACKING pc=0x000001a413b94242 sp=0x00000062700fc628 mode 0
Event: 51.826 Thread 0x000001a4094032e0 DEOPT PACKING pc=0x000001a40c70d184 sp=0x00000062700fd250
Event: 51.829 Thread 0x000001a4094032e0 DEOPT UNPACKING pc=0x000001a413b94242 sp=0x00000062700fc6a8 mode 0
Event: 51.833 Thread 0x000001a4094032e0 DEOPT PACKING pc=0x000001a40c70d184 sp=0x00000062700fd250
Event: 51.833 Thread 0x000001a4094032e0 DEOPT UNPACKING pc=0x000001a413b94242 sp=0x00000062700fc6a8 mode 0
Event: 51.834 Thread 0x000001a4094032e0 Uncommon trap: trap_request=0xffffff6e fr.pc=0x000001a41412312c relative=0x000000000000020c
Event: 51.834 Thread 0x000001a4094032e0 Uncommon trap: reason=loop_limit_check action=maybe_recompile pc=0x000001a41412312c method=java.math.BigInteger.implMulAdd([I[IIII)I @ 26 c2
Event: 51.834 Thread 0x000001a4094032e0 DEOPT PACKING pc=0x000001a41412312c sp=0x00000062700fd1e0
Event: 51.834 Thread 0x000001a4094032e0 DEOPT UNPACKING pc=0x000001a413b93aa2 sp=0x00000062700fd130 mode 2

Classes loaded (20 events):
Event: 51.878 Loading class java/security/Timestamp
Event: 51.879 Loading class java/security/Timestamp done
Event: 51.889 Loading class java/security/CodeSigner
Event: 51.889 Loading class java/security/CodeSigner done
Event: 51.889 Loading class sun/security/util/JarConstraintsParameters
Event: 51.889 Loading class sun/security/util/ConstraintsParameters
Event: 51.889 Loading class sun/security/util/ConstraintsParameters done
Event: 51.889 Loading class sun/security/util/JarConstraintsParameters done
Event: 51.890 Loading class java/security/interfaces/ECKey
Event: 51.890 Loading class java/security/interfaces/ECKey done
Event: 51.890 Loading class java/security/interfaces/XECKey
Event: 51.890 Loading class java/security/interfaces/XECKey done
Event: 51.890 Loading class sun/security/util/KeyUtil
Event: 51.999 Loading class sun/security/util/KeyUtil done
Event: 51.999 Loading class sun/security/util/Length
Event: 51.999 Loading class sun/security/util/Length done
Event: 51.999 Loading class javax/crypto/SecretKey
Event: 52.012 Loading class javax/crypto/SecretKey done
Event: 52.018 Loading class java/util/Base64
Event: 52.018 Loading class java/util/Base64 done

Classes unloaded (0 events):
No events

Classes redefined (0 events):
No events

Internal exceptions (12 events):
Event: 22.704 Thread 0x000001a4094032e0 Exception <a 'java/lang/NoSuchMethodError'{0x00000000d57291e0}: 'void java.lang.invoke.DirectMethodHandle$Holder.invokeStatic(java.lang.Object, java.lang.Object, java.lang.Object)'> (0x00000000d57291e0) 
thrown [s\src\hotspot\share\interpreter\linkResolver.cpp, line 773]
Event: 34.423 Thread 0x000001a4094032e0 Exception <a 'java/lang/NoSuchMethodError'{0x00000000d5912128}: 'java.lang.Object java.lang.invoke.Invokers$Holder.invokeExact_MT(java.lang.Object, java.lang.Object, java.lang.Object, java.lang.Object, java.lang.Object)'> (0x00000000d5912128) 
thrown [s\src\hotspot\share\interpreter\linkResolver.cpp, line 773]
Event: 39.351 Thread 0x000001a4094032e0 Exception <a 'java/lang/NoSuchMethodError'{0x00000000d59ca1f8}: 'int java.lang.invoke.DirectMethodHandle$Holder.invokeSpecial(java.lang.Object, java.lang.Object, java.lang.Object, int)'> (0x00000000d59ca1f8) 
thrown [s\src\hotspot\share\interpreter\linkResolver.cpp, line 773]
Event: 39.389 Thread 0x000001a4094032e0 Exception <a 'java/lang/NoSuchMethodError'{0x00000000d59dcbe0}: 'java.lang.Object java.lang.invoke.DirectMethodHandle$Holder.invokeStatic(java.lang.Object, java.lang.Object, java.lang.Object, java.lang.Object, int)'> (0x00000000d59dcbe0) 
thrown [s\src\hotspot\share\interpreter\linkResolver.cpp, line 773]
Event: 39.397 Thread 0x000001a4094032e0 Exception <a 'java/lang/NoSuchMethodError'{0x00000000d59e8020}: 'void java.lang.invoke.DelegatingMethodHandle$Holder.reinvoke_L(java.lang.Object, java.lang.Object, java.lang.Object, int, java.lang.Object)'> (0x00000000d59e8020) 
thrown [s\src\hotspot\share\interpreter\linkResolver.cpp, line 773]
Event: 39.411 Thread 0x000001a4094032e0 Exception <a 'java/lang/NoSuchMethodError'{0x00000000d59f8970}: 'int java.lang.invoke.DirectMethodHandle$Holder.invokeSpecial(java.lang.Object, java.lang.Object, java.lang.Object)'> (0x00000000d59f8970) 
thrown [s\src\hotspot\share\interpreter\linkResolver.cpp, line 773]
Event: 39.414 Thread 0x000001a4094032e0 Exception <a 'java/lang/NoSuchMethodError'{0x00000000d5a04630}: 'java.lang.Object java.lang.invoke.DirectMethodHandle$Holder.invokeStatic(java.lang.Object, java.lang.Object, int)'> (0x00000000d5a04630) 
thrown [s\src\hotspot\share\interpreter\linkResolver.cpp, line 773]
Event: 39.420 Thread 0x000001a4094032e0 Exception <a 'java/lang/NoSuchMethodError'{0x00000000d5a08f80}: 'void java.lang.invoke.DirectMethodHandle$Holder.invokeStatic(java.lang.Object, java.lang.Object, int, java.lang.Object)'> (0x00000000d5a08f80) 
thrown [s\src\hotspot\share\interpreter\linkResolver.cpp, line 773]
Event: 39.420 Thread 0x000001a4094032e0 Exception <a 'java/lang/NoSuchMethodError'{0x00000000d5a0cb10}: 'void java.lang.invoke.DirectMethodHandle$Holder.invokeSpecial(java.lang.Object, java.lang.Object, java.lang.Object, int, java.lang.Object)'> (0x00000000d5a0cb10) 
thrown [s\src\hotspot\share\interpreter\linkResolver.cpp, line 773]
Event: 39.422 Thread 0x000001a4094032e0 Exception <a 'java/lang/NoSuchMethodError'{0x00000000d5a0ff80}: 'void java.lang.invoke.DelegatingMethodHandle$Holder.delegate(java.lang.Object, java.lang.Object, int, java.lang.Object)'> (0x00000000d5a0ff80) 
thrown [s\src\hotspot\share\interpreter\linkResolver.cpp, line 773]
Event: 42.745 Thread 0x000001a4094032e0 Exception <a 'java/lang/NoSuchMethodError'{0x00000000d5bcede8}: 'void java.lang.invoke.DelegatingMethodHandle$Holder.reinvoke_L(java.lang.Object, java.lang.Object, java.lang.Object, int)'> (0x00000000d5bcede8) 
thrown [s\src\hotspot\share\interpreter\linkResolver.cpp, line 773]
Event: 47.763 Thread 0x000001a4094032e0 Exception <a 'java/lang/NoSuchMethodError'{0x00000000d605a4d8}: 'void java.lang.invoke.DirectMethodHandle$Holder.invokeVirtual(java.lang.Object, java.lang.Object)'> (0x00000000d605a4d8) 
thrown [s\src\hotspot\share\interpreter\linkResolver.cpp, line 773]

ZGC Phase Switch (0 events):
No events

VM Operations (20 events):
Event: 40.361 Executing VM operation: Cleanup
Event: 40.361 Executing VM operation: Cleanup done
Event: 43.383 Executing VM operation: Cleanup
Event: 43.383 Executing VM operation: Cleanup done
Event: 44.383 Executing VM operation: Cleanup
Event: 44.532 Executing VM operation: Cleanup done
Event: 46.547 Executing VM operation: Cleanup
Event: 46.600 Executing VM operation: Cleanup done
Event: 47.608 Executing VM operation: Cleanup
Event: 47.647 Executing VM operation: Cleanup done
Event: 48.648 Executing VM operation: Cleanup
Event: 48.664 Executing VM operation: Cleanup done
Event: 49.681 Executing VM operation: Cleanup
Event: 49.816 Executing VM operation: Cleanup done
Event: 50.831 Executing VM operation: Cleanup
Event: 50.932 Executing VM operation: Cleanup done
Event: 51.932 Executing VM operation: Cleanup
Event: 51.998 Executing VM operation: Cleanup done
Event: 52.013 Executing VM operation: HandshakeAllThreads (Deoptimize)
Event: 52.014 Executing VM operation: HandshakeAllThreads (Deoptimize) done

Memory protections (0 events):
No events

Nmethod flushes (0 events):
No events

Events (15 events):
Event: 16.918 Thread 0x000001a4094032e0 Thread added: 0x000001a4094032e0
Event: 21.190 Thread 0x000001a4094032e0 Thread added: 0x000001a4092ecea0
Event: 21.190 Thread 0x000001a4094032e0 Thread added: 0x000001a4092ee440
Event: 21.638 Thread 0x000001a4094032e0 Thread added: 0x000001a4092f1d10
Event: 21.638 Thread 0x000001a4094032e0 Thread added: 0x000001a4092f2960
Event: 21.638 Thread 0x000001a4094032e0 Thread added: 0x000001a4092f35b0
Event: 21.638 Thread 0x000001a4094032e0 Thread added: 0x000001a4092f6010
Event: 21.639 Thread 0x000001a4094032e0 Thread added: 0x000001a4092f6e40
Event: 21.639 Thread 0x000001a4094032e0 Thread added: 0x000001a409308820
Event: 32.755 Thread 0x000001a4094032e0 Thread added: 0x000001a461a46160
Event: 40.770 Thread 0x000001a409308820 Thread added: 0x000001a461bbc740
Event: 41.876 Thread 0x000001a461bbc740 Thread exited: 0x000001a461bbc740
Event: 43.718 Thread 0x000001a4094032e0 Thread added: 0x000001a461bf4ff0
Event: 49.919 Thread 0x000001a409308820 Thread added: 0x000001a461ba3010
Event: 50.130 Thread 0x000001a461ba3010 Thread exited: 0x000001a461ba3010


Dynamic libraries:
0x00007ff6c0890000 - 0x00007ff6c089e000 	c:\Users\user\.vscode\extensions\redhat.java-1.49.0-win32-x64\jre\21.0.9-win32-x86_64\bin\java.exe
0x00007ff939c50000 - 0x00007ff939e48000 	C:\WINDOWS\SYSTEM32\ntdll.dll
0x00007ff939750000 - 0x00007ff939812000 	C:\WINDOWS\System32\KERNEL32.DLL
0x00007ff937970000 - 0x00007ff937c66000 	C:\WINDOWS\System32\KERNELBASE.dll
0x00007ff937380000 - 0x00007ff937480000 	C:\WINDOWS\System32\ucrtbase.dll
0x00007ff923f20000 - 0x00007ff923f3e000 	c:\Users\user\.vscode\extensions\redhat.java-1.49.0-win32-x64\jre\21.0.9-win32-x86_64\bin\VCRUNTIME140.dll
0x00007ff923f40000 - 0x00007ff923f58000 	c:\Users\user\.vscode\extensions\redhat.java-1.49.0-win32-x64\jre\21.0.9-win32-x86_64\bin\jli.dll
0x00007ff938e10000 - 0x00007ff938fb1000 	C:\WINDOWS\System32\USER32.dll
0x00007ff937740000 - 0x00007ff937762000 	C:\WINDOWS\System32\win32u.dll
0x00007ff9237f0000 - 0x00007ff923a8b000 	C:\WINDOWS\WinSxS\amd64_microsoft.windows.common-controls_6595b64144ccf1df_6.0.19041.6456_none_60b8a6cb71f64256\COMCTL32.dll
0x00007ff938fd0000 - 0x00007ff938ffb000 	C:\WINDOWS\System32\GDI32.dll
0x00007ff938620000 - 0x00007ff9386be000 	C:\WINDOWS\System32\msvcrt.dll
0x00007ff9377a0000 - 0x00007ff9378b9000 	C:\WINDOWS\System32\gdi32full.dll
0x00007ff9372e0000 - 0x00007ff93737d000 	C:\WINDOWS\System32\msvcp_win.dll
0x00007ff937d10000 - 0x00007ff937d3f000 	C:\WINDOWS\System32\IMM32.DLL
0x00007ff9199b0000 - 0x00007ff9199bc000 	c:\Users\user\.vscode\extensions\redhat.java-1.49.0-win32-x64\jre\21.0.9-win32-x86_64\bin\vcruntime140_1.dll
0x00007ff903700000 - 0x00007ff90378d000 	c:\Users\user\.vscode\extensions\redhat.java-1.49.0-win32-x64\jre\21.0.9-win32-x86_64\bin\msvcp140.dll
0x00007ff8ddaf0000 - 0x00007ff8de890000 	c:\Users\user\.vscode\extensions\redhat.java-1.49.0-win32-x64\jre\21.0.9-win32-x86_64\bin\server\jvm.dll
0x00007ff9391b0000 - 0x00007ff939261000 	C:\WINDOWS\System32\ADVAPI32.dll
0x00007ff937c70000 - 0x00007ff937d0f000 	C:\WINDOWS\System32\sechost.dll
0x00007ff9398f0000 - 0x00007ff939a10000 	C:\WINDOWS\System32\RPCRT4.dll
0x00007ff937770000 - 0x00007ff937797000 	C:\WINDOWS\System32\bcrypt.dll
0x00007ff937de0000 - 0x00007ff937e4b000 	C:\WINDOWS\System32\WS2_32.dll
0x00007ff937090000 - 0x00007ff9370db000 	C:\WINDOWS\SYSTEM32\POWRPROF.dll
0x00007ff923fc0000 - 0x00007ff923fe7000 	C:\WINDOWS\SYSTEM32\WINMM.dll
0x00007ff929830000 - 0x00007ff92983a000 	C:\WINDOWS\SYSTEM32\VERSION.dll
0x00007ff937070000 - 0x00007ff937082000 	C:\WINDOWS\SYSTEM32\UMPDC.dll
0x00007ff935150000 - 0x00007ff935162000 	C:\WINDOWS\SYSTEM32\kernel.appcore.dll
0x00007ff923f60000 - 0x00007ff923f6a000 	c:\Users\user\.vscode\extensions\redhat.java-1.49.0-win32-x64\jre\21.0.9-win32-x86_64\bin\jimage.dll
0x00007ff934740000 - 0x00007ff934941000 	C:\WINDOWS\SYSTEM32\DBGHELP.DLL
0x00007ff91fc80000 - 0x00007ff91fcb4000 	C:\WINDOWS\SYSTEM32\dbgcore.DLL
0x00007ff9376b0000 - 0x00007ff937732000 	C:\WINDOWS\System32\bcryptPrimitives.dll
0x00007ff931cb0000 - 0x00007ff931cbf000 	c:\Users\user\.vscode\extensions\redhat.java-1.49.0-win32-x64\jre\21.0.9-win32-x86_64\bin\instrument.dll
0x00007ff930c00000 - 0x00007ff930c20000 	c:\Users\user\.vscode\extensions\redhat.java-1.49.0-win32-x64\jre\21.0.9-win32-x86_64\bin\java.dll
0x00007ff937e50000 - 0x00007ff9385c0000 	C:\WINDOWS\System32\SHELL32.dll
0x00007ff935350000 - 0x00007ff935af5000 	C:\WINDOWS\SYSTEM32\windows.storage.dll
0x00007ff9386c0000 - 0x00007ff938a14000 	C:\WINDOWS\System32\combase.dll
0x00007ff936ca0000 - 0x00007ff936ccb000 	C:\WINDOWS\SYSTEM32\Wldp.dll
0x00007ff939a10000 - 0x00007ff939add000 	C:\WINDOWS\System32\OLEAUT32.dll
0x00007ff939840000 - 0x00007ff9398ed000 	C:\WINDOWS\System32\SHCORE.dll
0x00007ff9396f0000 - 0x00007ff93974b000 	C:\WINDOWS\System32\shlwapi.dll
0x00007ff937210000 - 0x00007ff937234000 	C:\WINDOWS\SYSTEM32\profapi.dll
0x00007ff923f70000 - 0x00007ff923f88000 	c:\Users\user\.vscode\extensions\redhat.java-1.49.0-win32-x64\jre\21.0.9-win32-x86_64\bin\zip.dll
0x00007ff931c70000 - 0x00007ff931c80000 	C:\Users\user\.vscode\extensions\redhat.java-1.49.0-win32-x64\jre\21.0.9-win32-x86_64\bin\net.dll
0x00007ff92ab00000 - 0x00007ff92ac0a000 	C:\WINDOWS\SYSTEM32\WINHTTP.dll
0x00007ff936990000 - 0x00007ff9369fa000 	C:\WINDOWS\system32\mswsock.dll
0x00007ff919110000 - 0x00007ff919126000 	C:\Users\user\.vscode\extensions\redhat.java-1.49.0-win32-x64\jre\21.0.9-win32-x86_64\bin\nio.dll
0x00007ff931080000 - 0x00007ff931090000 	c:\Users\user\.vscode\extensions\redhat.java-1.49.0-win32-x64\jre\21.0.9-win32-x86_64\bin\verify.dll

JVMTI agents:
c:\Users\user\.vscode\extensions\redhat.java-1.49.0-win32-x64\lombok\lombok-1.18.39-4050.jar path:c:\Users\user\.vscode\extensions\redhat.java-1.49.0-win32-x64\jre\21.0.9-win32-x86_64\bin\instrument.dll, loaded, initialized, instrumentlib options:none

dbghelp: loaded successfully - version: 4.0.5 - missing functions: none
symbol engine: initialized successfully - sym options: 0x614 - pdb path: .;c:\Users\user\.vscode\extensions\redhat.java-1.49.0-win32-x64\jre\21.0.9-win32-x86_64\bin;C:\WINDOWS\SYSTEM32;C:\WINDOWS\WinSxS\amd64_microsoft.windows.common-controls_6595b64144ccf1df_6.0.19041.6456_none_60b8a6cb71f64256;c:\Users\user\.vscode\extensions\redhat.java-1.49.0-win32-x64\jre\21.0.9-win32-x86_64\bin\server

VM Arguments:
jvm_args: --add-modules=ALL-SYSTEM --add-opens=java.base/java.util=ALL-UNNAMED --add-opens=java.base/java.lang=ALL-UNNAMED --add-opens=java.base/sun.nio.fs=ALL-UNNAMED -Declipse.application=org.eclipse.jdt.ls.core.id1 -Dosgi.bundles.defaultStartLevel=4 -Declipse.product=org.eclipse.jdt.ls.core.product -Djava.import.generatesMetadataFilesAtProjectRoot=false -DDetectVMInstallationsJob.disabled=true -Dfile.encoding=utf8 -XX:+UseParallelGC -XX:GCTimeRatio=4 -XX:AdaptiveSizePolicyWeight=90 -Dsun.zip.disableMemoryMapping=true -Xmx2G -Xms100m -Xlog:disable -javaagent:c:\Users\user\.vscode\extensions\redhat.java-1.49.0-win32-x64\lombok\lombok-1.18.39-4050.jar -XX:+HeapDumpOnOutOfMemoryError -XX:HeapDumpPath=c:\Users\user\AppData\Roaming\Code\User\workspaceStorage\450a198416a22b53fea947bb5520bc25\redhat.java -Daether.dependencyCollector.impl=bf 
java_command: c:\Users\user\.vscode\extensions\redhat.java-1.49.0-win32-x64\server\plugins\org.eclipse.equinox.launcher_1.7.100.v20251111-0406.jar -configuration c:\Users\user\AppData\Roaming\Code\User\globalStorage\redhat.java\1.49.0\config_win -data c:\Users\user\AppData\Roaming\Code\User\workspaceStorage\450a198416a22b53fea947bb5520bc25\redhat.java\jdt_ws --pipe=\\.\pipe\lsp-5cde2aa9b3d88ef17a9798c133210462-sock
java_class_path (initial): c:\Users\user\.vscode\extensions\redhat.java-1.49.0-win32-x64\server\plugins\org.eclipse.equinox.launcher_1.7.100.v20251111-0406.jar
Launcher Type: SUN_STANDARD

[Global flags]
    uintx AdaptiveSizePolicyWeight                 = 90                                        {product} {command line}
     intx CICompilerCount                          = 3                                         {product} {ergonomic}
    uintx GCTimeRatio                              = 4                                         {product} {command line}
     bool HeapDumpOnOutOfMemoryError               = true                                   {manageable} {command line}
    ccstr HeapDumpPath                             = c:\Users\user\AppData\Roaming\Code\User\workspaceStorage\450a198416a22b53fea947bb5520bc25\redhat.java         {manageable} {command line}
   size_t InitialHeapSize                          = 104857600                                 {product} {command line}
   size_t MaxHeapSize                              = 2147483648                                {product} {command line}
   size_t MaxNewSize                               = 715653120                                 {product} {ergonomic}
   size_t MinHeapDeltaBytes                        = 524288                                    {product} {ergonomic}
   size_t MinHeapSize                              = 104857600                                 {product} {command line}
   size_t NewSize                                  = 34603008                                  {product} {ergonomic}
    uintx NonNMethodCodeHeapSize                   = 5832780                                {pd product} {ergonomic}
    uintx NonProfiledCodeHeapSize                  = 122912730                              {pd product} {ergonomic}
   size_t OldSize                                  = 70254592                                  {product} {ergonomic}
    uintx ProfiledCodeHeapSize                     = 122912730                              {pd product} {ergonomic}
    uintx ReservedCodeCacheSize                    = 251658240                              {pd product} {ergonomic}
     bool SegmentedCodeCache                       = true                                      {product} {ergonomic}
   size_t SoftMaxHeapSize                          = 2147483648                             {manageable} {ergonomic}
     bool UseCompressedOops                        = true                           {product lp64_product} {ergonomic}
     bool UseLargePagesIndividualAllocation        = false                                  {pd product} {ergonomic}
     bool UseParallelGC                            = true                                      {product} {command line}

Logging:
Log output configuration:
 #0: stdout all=off uptime,level,tags foldmultilines=false
 #1: stderr all=off uptime,level,tags foldmultilines=false

Release file:
JAVA_VERSION="21.0.9" 
MODULES="java.base java.compiler java.datatransfer java.xml java.prefs java.desktop java.instrument java.logging java.management java.security.sasl java.naming java.rmi java.management.rmi java.net.http java.scripting java.security.jgss java.transaction.xa java.sql java.sql.rowset java.xml.crypto java.se java.smartcardio jdk.accessibility jdk.internal.jvmstat jdk.attach jdk.charsets jdk.internal.opt jdk.zipfs jdk.compiler jdk.crypto.ec jdk.crypto.cryptoki jdk.crypto.mscapi jdk.dynalink jdk.internal.ed jdk.editpad jdk.hotspot.agent jdk.httpserver jdk.internal.le jdk.internal.vm.ci jdk.internal.vm.compiler jdk.internal.vm.compiler.management jdk.jartool jdk.javadoc jdk.jcmd jdk.management jdk.management.agent jdk.jconsole jdk.jdeps jdk.jdwp.agent jdk.jdi jdk.jfr jdk.jshell jdk.jsobject jdk.jstatd jdk.localedata jdk.management.jfr jdk.naming.dns jdk.naming.rmi jdk.net jdk.nio.mapmode jdk.random jdk.sctp jdk.security.auth jdk.security.jgss jdk.unsupported jdk.unsupported.desktop jdk.xml.dom" 

Environment Variables:
JAVA_HOME=C:\Program Files\Java\jdk-18.0.1.1
PATH=C:\oraclexe\app\oracle\product\11.2.0\server\bin;C:\WINDOWS\system32;C:\WINDOWS;C:\WINDOWS\system32\Wbem;C:\Program Files (x86)\Common Files\Oracle\Java\javapath;C:\oraclexe\app\oracle\product\11.2.0\server\bin;C:\WINDOWS\system32;C:\WINDOWS;C:\WINDOWS\System32\Wbem;C:\WINDOWS\System32\WindowsPowerShell\v1.0\;C:\WINDOWS\System32\OpenSSH\;C:\Program Files\dotnet\;C:\Program Files\Microsoft SQL Server\130\Tools\Binn\;C:\Program Files\Microsoft SQL Server\Client SDK\ODBC\170\Tools\Binn\;C:\Program Files\Java\jdk-18.0.1.1\bin;C:\ProgramData\chocolatey\bin;C:\Python310;C:\Program Files (x86)\dotnet\;C:\Program Files\PuTTY\;C:\WINDOWS\System32\WindowsPowerShell\v1.0\;C:\WINDOWS\System32\OpenSSH\;C:\Program Files\GitHub CLI\;C:\Program Files\Git\cmd;D:\laravel\php;C:\ProgramData\ComposerSetup\bin;C:\WINDOWS\System32\Wbem;C:\Program Files\nodejs\;C:\Program Files\MySQL\MySQL Shell 8.0\bin\;C:\Users\user\AppData\Local\Programs\Python\Python310\Scripts\;C:\Users\user\AppData\Local\Programs\Python\Python310\;C:\Users\user\AppData\Local\Microsoft\WindowsApps;C:\Users\user\.dotnet\tools;C:\Users\user\AppData\Roaming\Microsoft\Windows\Start Menu\Programs\Python 3.10;C:\src\flutter\bin;C:\Users\user\AppData\Roaming\Composer\vendor\bin;C:\Users\user\AppData\Local\Programs\Microsoft VS Code\bin;D:\laravel\php;C:\Program Files\nmap-7.94;C:\Program Files\PostgreSQL\14;C:\Program Files\PostgreSQL\14;C:\Users\user\AppData\Roaming\npm
USERNAME=user
OS=Windows_NT
PROCESSOR_IDENTIFIER=Intel64 Family 6 Model 142 Stepping 9, GenuineIntel
TMP=C:\Users\user\AppData\Local\Temp
TEMP=C:\Users\user\AppData\Local\Temp




Periodic native trim disabled

---------------  S Y S T E M  ---------------

OS:
 Windows 10 , 64 bit Build 19041 (10.0.19041.5915)
OS uptime: 0 days 7:17 hours

CPU: total 4 (initial active 4) (2 cores per cpu, 2 threads per core) family 6 model 142 stepping 9 microcode 0xb4, cx8, cmov, fxsr, ht, mmx, 3dnowpref, sse, sse2, sse3, ssse3, sse4.1, sse4.2, popcnt, lzcnt, tsc, tscinvbit, avx, avx2, aes, erms, clmul, bmi1, bmi2, adx, fma, vzeroupper, clflush, clflushopt, rdtscp, f16c
Processor Information for the first 4 processors :
  Max Mhz: 2904, Current Mhz: 2703, Mhz Limit: 2700

Memory: 4k page, system-wide physical 8109M (1775M free)
TotalPageFile size 8109M (AvailPageFile size 196M)
current process WorkingSet (physical memory assigned to process): 55M, peak: 55M
current process commit charge ("private bytes"): 215M, peak: 215M

vm_info: OpenJDK 64-Bit Server VM (21.0.9+10-LTS) for windows-amd64 JRE (21.0.9+10-LTS), built on 2025-10-21T00:00:00Z by "admin" with unknown MS VC++:1942

END.
